\BOOKMARK [1][-]{section.1}{\376\377\000P\000r\000o\000b\000a\000b\000i\000l\000i\000t\000y\000\040\000B\000a\000s\000i\000c\000s}{}% 1
\BOOKMARK [2][-]{subsection.1.2}{\376\377\000S\000e\000t\000\040\000T\000h\000e\000o\000r\000y}{section.1}% 2
\BOOKMARK [1][-]{section.2}{\376\377\000M\000a\000t\000h\000e\000m\000a\000t\000i\000c\000a\000l\000\040\000P\000r\000o\000b\000a\000b\000i\000l\000i\000t\000y}{}% 3
\BOOKMARK [2][-]{subsection.2.1}{\376\377\000S\000a\000m\000p\000l\000e\000\040\000S\000p\000a\000c\000e\000\040\000a\000n\000d\000\040\000E\000v\000e\000n\000t\000s}{section.2}% 4
\BOOKMARK [2][-]{subsection.2.2}{\376\377\000A\000x\000i\000o\000m\000s\000\040\000o\000f\000\040\000P\000r\000o\000b\000a\000b\000i\000l\000i\000t\000y}{section.2}% 5
\BOOKMARK [2][-]{subsection.2.3}{\376\377\000S\000p\000e\000c\000i\000f\000y\000i\000n\000g\000\040\000P\000r\000o\000b\000a\000b\000i\000l\000i\000t\000i\000e\000s}{section.2}% 6
\BOOKMARK [3][-]{subsubsection.2.3.1}{\376\377\000C\000l\000a\000s\000s\000i\000c\000a\000l\000\040\000P\000r\000o\000b\000a\000b\000i\000l\000i\000t\000y}{subsection.2.3}% 7
\BOOKMARK [3][-]{subsubsection.2.3.2}{\376\377\000G\000e\000o\000m\000e\000t\000r\000i\000c\000\040\000P\000r\000o\000b\000a\000b\000i\000l\000i\000t\000y}{subsection.2.3}% 8
\BOOKMARK [2][-]{subsection.2.4}{\376\377\000L\000a\000w\000\040\000o\000f\000\040\000P\000a\000r\000t\000i\000t\000i\000o\000n\000s}{section.2}% 9
\BOOKMARK [1][-]{section.3}{\376\377\000C\000o\000m\000b\000i\000n\000a\000t\000o\000r\000i\000a\000l\000\040\000P\000r\000o\000b\000a\000b\000i\000l\000i\000t\000y}{}% 10
\BOOKMARK [2][-]{subsection.3.1}{\376\377\000B\000a\000s\000i\000c\000\040\000c\000o\000u\000n\000t\000i\000n\000g\000\040\000r\000u\000l\000e\000s}{section.3}% 11
\BOOKMARK [2][-]{subsection.3.2}{\376\377\000O\000t\000h\000e\000r\000\040\000c\000o\000u\000n\000t\000i\000n\000g\000\040\000r\000u\000l\000e\000s}{section.3}% 12
\BOOKMARK [3][-]{subsubsection.3.2.1}{\376\377\000P\000e\000r\000m\000u\000t\000a\000t\000i\000o\000n\000s}{subsection.3.2}% 13
\BOOKMARK [3][-]{subsubsection.3.2.2}{\376\377\000C\000o\000m\000b\000i\000n\000a\000t\000i\000o\000n\000s}{subsection.3.2}% 14
\BOOKMARK [1][-]{section.4}{\376\377\000C\000o\000n\000d\000i\000t\000i\000o\000n\000a\000l\000\040\000P\000r\000o\000b\000a\000b\000i\000l\000i\000t\000y\000\040\000a\000n\000d\000\040\000I\000n\000d\000e\000p\000e\000n\000d\000e\000n\000c\000e}{}% 15
\BOOKMARK [2][-]{subsection.4.1}{\376\377\000C\000o\000n\000d\000i\000t\000i\000o\000n\000a\000l\000\040\000P\000r\000o\000b\000a\000b\000i\000l\000i\000t\000y}{section.4}% 16
\BOOKMARK [2][-]{subsection.4.2}{\376\377\000G\000e\000n\000e\000r\000a\000l\000\040\000M\000u\000l\000t\000i\000p\000l\000i\000c\000a\000t\000i\000o\000n\000\040\000R\000u\000l\000e}{section.4}% 17
\BOOKMARK [2][-]{subsection.4.3}{\376\377\000T\000h\000e\000\040\000L\000a\000w\000\040\000o\000f\000\040\000T\000o\000t\000a\000l\000\040\000P\000r\000o\000b\000a\000b\000i\000l\000i\000t\000y}{section.4}% 18
\BOOKMARK [2][-]{subsection.4.4}{\376\377\000I\000n\000d\000e\000p\000e\000n\000d\000e\000n\000t\000\040\000E\000v\000e\000n\000t\000s}{section.4}% 19
\BOOKMARK [2][-]{subsection.4.5}{\376\377\000B\000a\000y\000e\000s\000'\000\040\000T\000h\000e\000o\000r\000e\000m}{section.4}% 20
\BOOKMARK [1][-]{section.5}{\376\377\000R\000a\000n\000d\000o\000m\000\040\000V\000a\000r\000i\000a\000b\000l\000e\000s\000\040\000a\000n\000d\000\040\000t\000h\000e\000i\000r\000\040\000D\000i\000s\000t\000r\000i\000b\000u\000t\000i\000o\000n}{}% 21
\BOOKMARK [2][-]{subsection.5.1}{\376\377\000D\000i\000s\000c\000r\000e\000t\000e\000\040\000R\000a\000n\000d\000o\000m\000\040\000V\000a\000r\000i\000a\000b\000l\000e\000s}{section.5}% 22
\BOOKMARK [3][-]{subsubsection.5.1.1}{\376\377\000B\000e\000r\000n\000o\000u\000l\000l\000i\000\040\000r\000a\000n\000d\000o\000m\000\040\000v\000a\000r\000i\000a\000b\000l\000e\000s}{subsection.5.1}% 23
\BOOKMARK [3][-]{subsubsection.5.1.2}{\376\377\000B\000i\000n\000o\000m\000i\000a\000l\000\040\000r\000a\000n\000d\000o\000m\000\040\000v\000a\000r\000i\000a\000b\000l\000e\000s}{subsection.5.1}% 24
\BOOKMARK [3][-]{subsubsection.5.1.3}{\376\377\000P\000o\000i\000s\000s\000o\000n\000\040\000r\000a\000n\000d\000o\000m\000\040\000v\000a\000r\000i\000a\000b\000l\000e\000s}{subsection.5.1}% 25
\BOOKMARK [3][-]{subsubsection.5.1.4}{\376\377\000G\000e\000o\000m\000e\000t\000r\000i\000c\000\040\000r\000a\000n\000d\000o\000m\000\040\000v\000a\000r\000i\000a\000b\000l\000e}{subsection.5.1}% 26
\BOOKMARK [3][-]{subsubsection.5.1.5}{\376\377\000L\000a\000c\000k\000-\000o\000f\000-\000m\000e\000m\000o\000r\000y\000\040\000p\000r\000o\000p\000e\000r\000t\000y}{subsection.5.1}% 27
\BOOKMARK [3][-]{subsubsection.5.1.6}{\376\377\000N\000e\000g\000a\000t\000i\000v\000e\000\040\000B\000i\000n\000o\000m\000i\000a\000l\000\040\000r\000a\000n\000d\000o\000m\000\040\000v\000a\000r\000i\000a\000b\000l\000e}{subsection.5.1}% 28
\BOOKMARK [2][-]{subsection.5.2}{\376\377\000F\000u\000n\000c\000t\000i\000o\000n\000s\000\040\000o\000f\000\040\000d\000i\000s\000c\000r\000e\000t\000e\000\040\000r\000a\000n\000d\000o\000m\000\040\000v\000a\000r\000i\000a\000b\000l\000e\000s}{section.5}% 29
\BOOKMARK [1][-]{section.6}{\376\377\000J\000o\000i\000n\000t\000l\000y\000\040\000d\000i\000s\000c\000r\000e\000t\000e\000\040\000r\000a\000n\000d\000o\000m\000\040\000v\000a\000r\000i\000a\000b\000l\000e\000s}{}% 30
\BOOKMARK [2][-]{subsection.6.1}{\376\377\000F\000u\000n\000d\000a\000m\000e\000n\000t\000a\000l\000\040\000P\000r\000o\000b\000a\000b\000i\000l\000i\000t\000y\000\040\000F\000o\000r\000m\000u\000l\000a}{section.6}% 31
\BOOKMARK [2][-]{subsection.6.3}{\376\377\000C\000o\000n\000d\000i\000t\000i\000o\000n\000a\000l\000\040\000P\000r\000o\000b\000a\000b\000i\000l\000i\000t\000y\000\040\000M\000a\000s\000s\000\040\000F\000u\000n\000c\000t\000i\000o\000n}{section.6}% 32
\BOOKMARK [2][-]{subsection.6.4}{\376\377\000I\000n\000d\000e\000p\000e\000n\000d\000e\000n\000t\000\040\000r\000a\000n\000d\000o\000m\000\040\000v\000a\000r\000i\000a\000b\000l\000e\000s}{section.6}% 33
\BOOKMARK [2][-]{subsection.6.5}{\376\377\000F\000u\000n\000c\000t\000i\000o\000n\000s\000\040\000o\000f\000\040\000T\000w\000o\000\040\000o\000r\000\040\000M\000o\000r\000e\000\040\000D\000i\000s\000c\000r\000e\000t\000e\000\040\000R\000a\000n\000d\000o\000m\000\040\000V\000a\000r\000i\000a\000b\000l\000e\000s}{section.6}% 34
\BOOKMARK [1][-]{section.7}{\376\377\000E\000x\000p\000e\000c\000t\000e\000d\000\040\000V\000a\000l\000u\000e\000\040\000o\000f\000\040\000D\000i\000s\000c\000r\000e\000t\000e\000\040\000R\000a\000n\000d\000o\000m\000\040\000V\000a\000r\000i\000a\000b\000l\000e\000s}{}% 35
\BOOKMARK [2][-]{subsection.7.1}{\376\377\000F\000u\000n\000d\000a\000m\000e\000n\000t\000a\000l\000\040\000P\000r\000o\000p\000e\000r\000t\000i\000e\000s\000\040\000o\000f\000\040\000E\000x\000p\000e\000c\000t\000e\000d\000\040\000V\000a\000l\000u\000e}{section.7}% 36
\BOOKMARK [3][-]{subsubsection.7.1.1}{\376\377\000T\000a\000i\000l\000\040\000P\000r\000o\000b\000a\000b\000i\000l\000i\000t\000i\000e\000s}{subsection.7.1}% 37
\BOOKMARK [2][-]{subsection.7.2}{\376\377\000M\000e\000a\000n\000\040\000a\000n\000d\000\040\000V\000a\000r\000i\000a\000n\000c\000e}{section.7}% 38
\BOOKMARK [3][-]{subsubsection.7.2.1}{\376\377\000P\000r\000o\000p\000e\000r\000t\000i\000e\000s\000\040\000o\000f\000\040\000V\000a\000r\000i\000a\000n\000c\000e}{subsection.7.2}% 39
\BOOKMARK [2][-]{subsection.7.3}{\376\377\000S\000t\000a\000n\000d\000a\000r\000d\000i\000z\000e\000d\000\040\000R\000a\000n\000d\000o\000m\000\040\000V\000a\000r\000i\000a\000b\000l\000e}{section.7}% 40
\BOOKMARK [2][-]{subsection.7.4}{\376\377\000C\000o\000v\000a\000r\000i\000a\000n\000c\000e\000\040\000a\000n\000d\000\040\000C\000o\000r\000r\000e\000l\000a\000t\000i\000o\000n}{section.7}% 41
\BOOKMARK [3][-]{subsubsection.7.4.1}{\376\377\000S\000o\000m\000e\000\040\000P\000r\000o\000p\000e\000r\000t\000i\000e\000s\000\040\000o\000f\000\040\000C\000o\000v\000a\000r\000i\000a\000n\000c\000e}{subsection.7.4}% 42
\BOOKMARK [3][-]{subsubsection.7.4.2}{\376\377\000P\000r\000o\000p\000e\000r\000t\000i\000e\000s\000\040\000o\000f\000\040\000C\000o\000r\000r\000e\000l\000a\000t\000i\000o\000n\000\040\000C\000o\000e\000f\000f\000i\000c\000i\000e\000n\000t}{subsection.7.4}% 43
\BOOKMARK [2][-]{subsection.7.5}{\376\377\000C\000o\000n\000d\000i\000t\000i\000o\000n\000a\000l\000\040\000E\000x\000p\000e\000c\000t\000a\000t\000i\000o\000n}{section.7}% 44
\BOOKMARK [3][-]{subsubsection.7.5.1}{\376\377\000P\000r\000o\000p\000e\000r\000t\000i\000e\000s}{subsection.7.5}% 45
\BOOKMARK [2][-]{subsection.7.6}{\376\377\000L\000a\000w\000\040\000o\000f\000\040\000T\000o\000t\000a\000l\000\040\000E\000x\000p\000e\000c\000t\000a\000t\000i\000o\000n}{section.7}% 46
\BOOKMARK [2][-]{subsection.7.7}{\376\377\000C\000o\000n\000d\000i\000t\000i\000o\000n\000a\000l\000\040\000V\000a\000r\000i\000a\000n\000c\000e}{section.7}% 47
\BOOKMARK [1][-]{section.8}{\376\377\000C\000o\000n\000t\000i\000n\000u\000o\000u\000s\000\040\000R\000a\000n\000d\000o\000m\000\040\000V\000a\000r\000i\000a\000b\000l\000e\000s\000\040\000\046\000\040\000t\000h\000e\000i\000r\000\040\000D\000i\000s\000t\000r\000i\000b\000u\000t\000i\000o\000n\000s}{}% 48
\BOOKMARK [2][-]{subsection.8.1}{\376\377\000I\000n\000t\000r\000o\000d\000u\000c\000i\000n\000g\000\040\000C\000o\000n\000t\000i\000n\000u\000o\000u\000s\000\040\000R\000a\000n\000d\000o\000m\000\040\000V\000a\000r\000i\000a\000b\000l\000e\000s}{section.8}% 49
\BOOKMARK [2][-]{subsection.8.2}{\376\377\000C\000u\000m\000u\000l\000a\000t\000i\000v\000e\000\040\000D\000i\000s\000t\000r\000i\000b\000u\000t\000i\000o\000n\000\040\000F\000u\000n\000c\000t\000i\000o\000n\000s}{section.8}% 50
\BOOKMARK [3][-]{subsubsection.8.2.1}{\376\377\000C\000o\000m\000p\000u\000t\000i\000n\000g\000\040\000P\000r\000o\000b\000a\000b\000i\000l\000i\000t\000y\000\040\000u\000s\000i\000n\000g\000\040\000C\000D\000F}{subsection.8.2}% 51
\BOOKMARK [2][-]{subsection.8.3}{\376\377\000P\000r\000o\000b\000a\000b\000i\000l\000i\000t\000y\000\040\000D\000e\000n\000s\000i\000t\000y\000\040\000F\000u\000n\000c\000t\000i\000o\000n\000s}{section.8}% 52
\BOOKMARK [3][-]{subsubsection.8.3.1}{\376\377\000B\000a\000s\000i\000c\000\040\000P\000r\000o\000p\000e\000r\000t\000i\000e\000s\000\040\000o\000f\000\040\000P\000D\000F}{subsection.8.3}% 53
\BOOKMARK [3][-]{subsubsection.8.3.2}{\376\377\000F\000u\000n\000d\000a\000m\000e\000n\000t\000a\000l\000\040\000P\000r\000o\000b\000a\000b\000i\000l\000i\000t\000y\000\040\000F\000o\000r\000m\000u\000l\000a}{subsection.8.3}% 54
\BOOKMARK [2][-]{subsection.8.4}{\376\377\000U\000n\000i\000f\000o\000r\000m\000\040\000a\000n\000d\000\040\000E\000x\000p\000o\000n\000e\000n\000t\000i\000a\000l\000\040\000R\000a\000n\000d\000o\000m\000\040\000V\000a\000r\000i\000a\000b\000l\000e\000s}{section.8}% 55
\BOOKMARK [3][-]{subsubsection.8.4.1}{\376\377\000E\000x\000p\000o\000n\000e\000n\000t\000i\000a\000l\000\040\000R\000a\000n\000d\000o\000m\000\040\000V\000a\000r\000i\000a\000b\000l\000e\000s}{subsection.8.4}% 56
\BOOKMARK [3][-]{subsubsection.8.4.2}{\376\377\000L\000a\000c\000k\000\040\000o\000f\000\040\000M\000e\000m\000o\000r\000y\000\040\000P\000r\000o\000p\000e\000r\000t\000y}{subsection.8.4}% 57
\BOOKMARK [2][-]{subsection.8.5}{\376\377\000N\000o\000r\000m\000a\000l\000\050\000G\000a\000u\000s\000s\000i\000a\000n\000\051\000\040\000R\000a\000n\000d\000o\000m\000\040\000V\000a\000r\000i\000a\000b\000l\000e}{section.8}% 58
\BOOKMARK [2][-]{subsection.8.6}{\376\377\000O\000t\000h\000e\000r\000\040\000I\000m\000p\000o\000r\000t\000a\000n\000t\000\040\000C\000o\000n\000t\000i\000n\000u\000o\000u\000s\000\040\000R\000a\000n\000d\000o\000m\000\040\000V\000a\000r\000i\000a\000b\000l\000e\000s}{section.8}% 59
\BOOKMARK [3][-]{subsubsection.8.6.1}{\376\377\000G\000a\000m\000m\000a\000\040\000R\000a\000n\000d\000o\000m\000\040\000V\000a\000r\000i\000a\000b\000l\000e}{subsection.8.6}% 60
\BOOKMARK [2][-]{subsection.8.7}{\376\377\000F\000u\000n\000c\000t\000i\000o\000n\000s\000\040\000o\000f\000\040\000c\000o\000n\000t\000i\000n\000u\000o\000u\000s\000\040\000r\000a\000n\000d\000o\000m\000\040\000v\000a\000r\000i\000a\000b\000l\000e\000s}{section.8}% 61
\BOOKMARK [3][-]{subsubsection.8.7.1}{\376\377\000M\000e\000t\000h\000o\000d\000\040\0001\000\040\040\023\000\040\000t\000h\000e\000\040\000C\000D\000F\000\040\000M\000e\000t\000h\000o\000d}{subsection.8.7}% 62
\BOOKMARK [3][-]{subsubsection.8.7.2}{\376\377\000M\000e\000t\000h\000o\000d\000\040\0002\000\040\040\023\000\040\000t\000h\000e\000\040\000P\000D\000F\000\040\000M\000e\000t\000h\000o\000d}{subsection.8.7}% 63
\BOOKMARK [1][-]{section.9}{\376\377\000J\000o\000i\000n\000t\000l\000y\000\040\000C\000o\000n\000t\000i\000n\000u\000o\000u\000s\000\040\000R\000a\000n\000d\000o\000m\000\040\000V\000a\000r\000i\000a\000b\000l\000e\000s}{}% 64
\BOOKMARK [2][-]{subsection.9.1}{\376\377\000J\000o\000i\000n\000t\000\040\000C\000D\000F\000s}{section.9}% 65
\BOOKMARK [2][-]{subsection.9.2}{\376\377\000J\000o\000i\000n\000t\000\040\000P\000D\000F\000s}{section.9}% 66
\BOOKMARK [2][-]{subsection.9.3}{\376\377\000P\000r\000o\000p\000e\000r\000t\000i\000e\000s\000\040\000o\000f\000\040\000J\000o\000i\000n\000t\000\040\000D\000e\000n\000s\000i\000t\000y\000\040\000F\000u\000n\000c\000t\000i\000o\000n\000s}{section.9}% 67
\BOOKMARK [3][-]{subsubsection.9.3.1}{\376\377\000F\000u\000n\000d\000a\000m\000e\000n\000t\000a\000l\000\040\000P\000r\000o\000b\000a\000b\000i\000l\000i\000t\000y\000\040\000F\000o\000r\000m\000u\000l\000a\000\040\000\050\000F\000P\000F\000\051}{subsection.9.3}% 68
\BOOKMARK [2][-]{subsection.9.4}{\376\377\000M\000a\000r\000g\000i\000n\000a\000l\000\040\000a\000n\000d\000\040\000C\000o\000n\000d\000i\000t\000i\000o\000n\000a\000l\000\040\000P\000D\000F\000s}{section.9}% 69
\BOOKMARK [3][-]{subsubsection.9.4.1}{\376\377\000C\000o\000n\000d\000i\000t\000i\000o\000n\000a\000l\000\040\000P\000D\000F\000s}{subsection.9.4}% 70
\BOOKMARK [3][-]{subsubsection.9.4.2}{\376\377\000C\000o\000n\000d\000i\000t\000i\000o\000n\000a\000l\000\040\000C\000D\000F\000s}{subsection.9.4}% 71
\BOOKMARK [2][-]{subsection.9.5}{\376\377\000I\000n\000d\000e\000p\000e\000n\000d\000e\000n\000t\000\040\000C\000o\000n\000t\000i\000n\000u\000o\000u\000s\000\040\000R\000a\000n\000d\000o\000m\000\040\000V\000a\000r\000i\000a\000b\000l\000e\000s}{section.9}% 72
\BOOKMARK [2][-]{subsection.9.6}{\376\377\000F\000u\000n\000c\000t\000i\000o\000n\000s\000\040\000o\000f\000\040\000T\000w\000o\000\040\000o\000r\000\040\000M\000o\000r\000e\000\040\000C\000o\000n\000t\000i\000n\000u\000o\000u\000s\000\040\000R\000a\000n\000d\000o\000m\000\040\000V\000a\000r\000i\000a\000b\000l\000e\000s}{section.9}% 73
\BOOKMARK [2][-]{subsection.9.7}{\376\377\000M\000u\000l\000t\000i\000v\000a\000r\000i\000a\000t\000e\000\040\000T\000r\000a\000n\000s\000f\000o\000r\000m\000a\000t\000i\000o\000n\000\040\000T\000h\000e\000o\000r\000e\000m}{section.9}% 74
\BOOKMARK [1][-]{section.10}{\376\377\000E\000x\000p\000e\000c\000t\000e\000d\000\040\000V\000a\000l\000u\000e\000\040\000o\000f\000\040\000C\000o\000n\000t\000i\000n\000u\000o\000u\000s\000\040\000R\000a\000n\000d\000o\000m\000\040\000V\000a\000r\000i\000a\000b\000l\000e\000s}{}% 75
\BOOKMARK [2][-]{subsection.10.1}{\376\377\000E\000x\000p\000e\000c\000t\000e\000d\000\040\000V\000a\000l\000u\000e\000\040\000o\000f\000\040\000a\000\040\000C\000o\000n\000t\000i\000n\000u\000o\000u\000s\000\040\000R\000a\000n\000d\000o\000m\000\040\000V\000a\000r\000i\000a\000b\000l\000e}{section.10}% 76
\BOOKMARK [2][-]{subsection.10.2}{\376\377\000B\000a\000s\000i\000c\000\040\000P\000r\000o\000p\000e\000r\000t\000i\000e\000s\000\040\000o\000f\000\040\000E\000x\000p\000e\000c\000t\000e\000d\000\040\000V\000a\000l\000u\000e}{section.10}% 77
\BOOKMARK [2][-]{subsection.10.3}{\376\377\000V\000a\000r\000i\000a\000n\000c\000e\000\040\000a\000n\000d\000\040\000C\000o\000v\000a\000r\000i\000a\000n\000c\000e}{section.10}% 78
\BOOKMARK [2][-]{subsection.10.4}{\376\377\000C\000o\000n\000d\000i\000t\000i\000o\000n\000a\000l\000\040\000E\000x\000p\000e\000c\000t\000a\000t\000i\000o\000n}{section.10}% 79
\BOOKMARK [2][-]{subsection.10.5}{\376\377\000G\000e\000n\000e\000r\000a\000t\000i\000n\000g\000\040\000f\000u\000n\000c\000t\000i\000o\000n\000s\000\040\000a\000n\000d\000\040\000L\000i\000m\000i\000t\000\040\000T\000h\000e\000o\000r\000e\000m\000s}{section.10}% 80
\BOOKMARK [2][-]{subsection.10.6}{\376\377\000G\000e\000n\000e\000r\000a\000t\000i\000n\000g\000\040\000M\000o\000m\000e\000n\000t\000s}{section.10}% 81
\BOOKMARK [1][-]{section.11}{\376\377\000L\000i\000m\000i\000t\000\040\000T\000h\000e\000o\000r\000e\000m\000s}{}% 82
