This is pdfTeX, Version 3.141592653-2.6-1.40.27 (TeX Live 2025) (preloaded format=pdflatex 2025.3.8)  18 DEC 2025 18:50
entering extended mode
 restricted \write18 enabled.
 file:line:error style messages enabled.
 %&-line parsing enabled.
**"/Users/frank/Developer/BU LaTeX Notes/ma581/ma581.tex"
(/Users/frank/Developer/BU LaTeX Notes/ma581/ma581.tex
LaTeX2e <2024-11-01> patch level 2
L3 programming layer <2025-01-18>
(/usr/local/texlive/2025basic/texmf-dist/tex/latex/base/article.cls
Document Class: article 2024/06/29 v1.4n Standard LaTeX document class
(/usr/local/texlive/2025basic/texmf-dist/tex/latex/base/size10.clo
File: size10.clo 2024/06/29 v1.4n Standard LaTeX file (size option)
)
\c@part=\count196
\c@section=\count197
\c@subsection=\count198
\c@subsubsection=\count199
\c@paragraph=\count266
\c@subparagraph=\count267
\c@figure=\count268
\c@table=\count269
\abovecaptionskip=\skip49
\belowcaptionskip=\skip50
\bibindent=\dimen141
) (/usr/local/texlive/2025basic/texmf-dist/tex/latex/amsmath/amsmath.sty
Package: amsmath 2024/11/05 v2.17t AMS math features
\@mathmargin=\skip51

For additional information on amsmath, use the `?' option.
(/usr/local/texlive/2025basic/texmf-dist/tex/latex/amsmath/amstext.sty
Package: amstext 2021/08/26 v2.01 AMS text
 (/usr/local/texlive/2025basic/texmf-dist/tex/latex/amsmath/amsgen.sty
File: amsgen.sty 1999/11/30 v2.0 generic functions
\@emptytoks=\toks17
\ex@=\dimen142
)) (/usr/local/texlive/2025basic/texmf-dist/tex/latex/amsmath/amsbsy.sty
Package: amsbsy 1999/11/29 v1.2d Bold Symbols
\pmbraise@=\dimen143
) (/usr/local/texlive/2025basic/texmf-dist/tex/latex/amsmath/amsopn.sty
Package: amsopn 2022/04/08 v2.04 operator names
)
\inf@bad=\count270
LaTeX Info: Redefining \frac on input line 233.
\uproot@=\count271
\leftroot@=\count272
LaTeX Info: Redefining \overline on input line 398.
LaTeX Info: Redefining \colon on input line 409.
\classnum@=\count273
\DOTSCASE@=\count274
LaTeX Info: Redefining \ldots on input line 495.
LaTeX Info: Redefining \dots on input line 498.
LaTeX Info: Redefining \cdots on input line 619.
\Mathstrutbox@=\box52
\strutbox@=\box53
LaTeX Info: Redefining \big on input line 721.
LaTeX Info: Redefining \Big on input line 722.
LaTeX Info: Redefining \bigg on input line 723.
LaTeX Info: Redefining \Bigg on input line 724.
\big@size=\dimen144
LaTeX Font Info:    Redeclaring font encoding OML on input line 742.
LaTeX Font Info:    Redeclaring font encoding OMS on input line 743.
\macc@depth=\count275
LaTeX Info: Redefining \bmod on input line 904.
LaTeX Info: Redefining \pmod on input line 909.
LaTeX Info: Redefining \smash on input line 939.
LaTeX Info: Redefining \relbar on input line 969.
LaTeX Info: Redefining \Relbar on input line 970.
\c@MaxMatrixCols=\count276
\dotsspace@=\muskip17
\c@parentequation=\count277
\dspbrk@lvl=\count278
\tag@help=\toks18
\row@=\count279
\column@=\count280
\maxfields@=\count281
\andhelp@=\toks19
\eqnshift@=\dimen145
\alignsep@=\dimen146
\tagshift@=\dimen147
\tagwidth@=\dimen148
\totwidth@=\dimen149
\lineht@=\dimen150
\@envbody=\toks20
\multlinegap=\skip52
\multlinetaggap=\skip53
\mathdisplay@stack=\toks21
LaTeX Info: Redefining \[ on input line 2953.
LaTeX Info: Redefining \] on input line 2954.
) (/usr/local/texlive/2025basic/texmf-dist/tex/latex/amscls/amsthm.sty
Package: amsthm 2020/05/29 v2.20.6
\thm@style=\toks22
\thm@bodyfont=\toks23
\thm@headfont=\toks24
\thm@notefont=\toks25
\thm@headpunct=\toks26
\thm@preskip=\skip54
\thm@postskip=\skip55
\thm@headsep=\skip56
\dth@everypar=\toks27
) (/usr/local/texlive/2025basic/texmf-dist/tex/latex/amsfonts/amssymb.sty
Package: amssymb 2013/01/14 v3.01 AMS font symbols
 (/usr/local/texlive/2025basic/texmf-dist/tex/latex/amsfonts/amsfonts.sty
Package: amsfonts 2013/01/14 v3.01 Basic AMSFonts support
\symAMSa=\mathgroup4
\symAMSb=\mathgroup5
LaTeX Font Info:    Redeclaring math symbol \hbar on input line 98.
LaTeX Font Info:    Overwriting math alphabet `\mathfrak' in version `bold'
(Font)                  U/euf/m/n --> U/euf/b/n on input line 106.
)) (/usr/local/texlive/2025basic/texmf-dist/tex/latex/thmtools/thmtools.sty
Package: thmtools 2023/05/04 v0.76
\thmt@toks=\toks28
\c@thmt@dummyctr=\count282
 (/usr/local/texlive/2025basic/texmf-dist/tex/latex/thmtools/thm-patch.sty
Package: thm-patch 2023/05/04 v0.76
 (/usr/local/texlive/2025basic/texmf-dist/tex/latex/thmtools/parseargs.sty
Package: parseargs 2023/05/04 v0.76
\@parsespec=\toks29
)) (/usr/local/texlive/2025basic/texmf-dist/tex/latex/thmtools/thm-kv.sty
Package: thm-kv 2023/05/04 v0.76
Package thm-kv Info: Theorem names will be uppercased on input line 42.
 (/usr/local/texlive/2025basic/texmf-dist/tex/latex/graphics/keyval.sty
Package: keyval 2022/05/29 v1.15 key=value parser (DPC)
\KV@toks@=\toks30
) (/usr/local/texlive/2025basic/texmf-dist/tex/latex/kvsetkeys/kvsetkeys.sty
Package: kvsetkeys 2022-10-05 v1.19 Key value parser (HO)
)
Package thm-kv Info: kvsetkeys patch (v1.16 or later) on input line 158.
) (/usr/local/texlive/2025basic/texmf-dist/tex/latex/thmtools/thm-autoref.sty
Package: thm-autoref 2023/05/04 v0.76
 (/usr/local/texlive/2025basic/texmf-dist/tex/latex/thmtools/aliasctr.sty
Package: aliasctr 2023/05/04 v0.76
)) (/usr/local/texlive/2025basic/texmf-dist/tex/latex/thmtools/thm-listof.sty
Package: thm-listof 2023/05/04 v0.76
) (/usr/local/texlive/2025basic/texmf-dist/tex/latex/thmtools/thm-restate.sty
Package: thm-restate 2023/05/04 v0.76
) (/usr/local/texlive/2025basic/texmf-dist/tex/latex/thmtools/thm-amsthm.sty
Package: thm-amsthm 2023/05/04 v0.76
\thmt@style@headstyle=\toks31
)) (/usr/local/texlive/2025basic/texmf-dist/tex/latex/graphics/graphicx.sty
Package: graphicx 2021/09/16 v1.2d Enhanced LaTeX Graphics (DPC,SPQR)
 (/usr/local/texlive/2025basic/texmf-dist/tex/latex/graphics/graphics.sty
Package: graphics 2024/08/06 v1.4g Standard LaTeX Graphics (DPC,SPQR)
 (/usr/local/texlive/2025basic/texmf-dist/tex/latex/graphics/trig.sty
Package: trig 2023/12/02 v1.11 sin cos tan (DPC)
) (/usr/local/texlive/2025basic/texmf-dist/tex/latex/graphics-cfg/graphics.cfg
File: graphics.cfg 2016/06/04 v1.11 sample graphics configuration
)
Package graphics Info: Driver file: pdftex.def on input line 106.
 (/usr/local/texlive/2025basic/texmf-dist/tex/latex/graphics-def/pdftex.def
File: pdftex.def 2024/04/13 v1.2c Graphics/color driver for pdftex
))
\Gin@req@height=\dimen151
\Gin@req@width=\dimen152
) (/usr/local/texlive/2025basic/texmf-dist/tex/latex/setspace/setspace.sty
Package: setspace 2022/12/04 v6.7b set line spacing
) (/usr/local/texlive/2025basic/texmf-dist/tex/latex/geometry/geometry.sty
Package: geometry 2020/01/02 v5.9 Page Geometry
 (/usr/local/texlive/2025basic/texmf-dist/tex/generic/iftex/ifvtex.sty
Package: ifvtex 2019/10/25 v1.7 ifvtex legacy package. Use iftex instead.
 (/usr/local/texlive/2025basic/texmf-dist/tex/generic/iftex/iftex.sty
Package: iftex 2024/12/12 v1.0g TeX engine tests
))
\Gm@cnth=\count283
\Gm@cntv=\count284
\c@Gm@tempcnt=\count285
\Gm@bindingoffset=\dimen153
\Gm@wd@mp=\dimen154
\Gm@odd@mp=\dimen155
\Gm@even@mp=\dimen156
\Gm@layoutwidth=\dimen157
\Gm@layoutheight=\dimen158
\Gm@layouthoffset=\dimen159
\Gm@layoutvoffset=\dimen160
\Gm@dimlist=\toks32
) (/usr/local/texlive/2025basic/texmf-dist/tex/latex/float/float.sty
Package: float 2001/11/08 v1.3d Float enhancements (AL)
\c@float@type=\count286
\float@exts=\toks33
\float@box=\box54
\@float@everytoks=\toks34
\@floatcapt=\box55
) (/usr/local/texlive/2025basic/texmf-dist/tex/latex/hyperref/hyperref.sty
Package: hyperref 2024-11-05 v7.01l Hypertext links for LaTeX
 (/usr/local/texlive/2025basic/texmf-dist/tex/generic/kvdefinekeys/kvdefinekeys.sty
Package: kvdefinekeys 2019-12-19 v1.6 Define keys (HO)
) (/usr/local/texlive/2025basic/texmf-dist/tex/generic/pdfescape/pdfescape.sty
Package: pdfescape 2019/12/09 v1.15 Implements pdfTeX's escape features (HO)
 (/usr/local/texlive/2025basic/texmf-dist/tex/generic/ltxcmds/ltxcmds.sty
Package: ltxcmds 2023-12-04 v1.26 LaTeX kernel commands for general use (HO)
) (/usr/local/texlive/2025basic/texmf-dist/tex/generic/pdftexcmds/pdftexcmds.sty
Package: pdftexcmds 2020-06-27 v0.33 Utility functions of pdfTeX for LuaTeX (HO)
 (/usr/local/texlive/2025basic/texmf-dist/tex/generic/infwarerr/infwarerr.sty
Package: infwarerr 2019/12/03 v1.5 Providing info/warning/error messages (HO)
)
Package pdftexcmds Info: \pdf@primitive is available.
Package pdftexcmds Info: \pdf@ifprimitive is available.
Package pdftexcmds Info: \pdfdraftmode found.
)) (/usr/local/texlive/2025basic/texmf-dist/tex/latex/hycolor/hycolor.sty
Package: hycolor 2020-01-27 v1.10 Color options for hyperref/bookmark (HO)
) (/usr/local/texlive/2025basic/texmf-dist/tex/latex/hyperref/nameref.sty
Package: nameref 2023-11-26 v2.56 Cross-referencing by name of section
 (/usr/local/texlive/2025basic/texmf-dist/tex/latex/refcount/refcount.sty
Package: refcount 2019/12/15 v3.6 Data extraction from label references (HO)
) (/usr/local/texlive/2025basic/texmf-dist/tex/generic/gettitlestring/gettitlestring.sty
Package: gettitlestring 2019/12/15 v1.6 Cleanup title references (HO)
 (/usr/local/texlive/2025basic/texmf-dist/tex/latex/kvoptions/kvoptions.sty
Package: kvoptions 2022-06-15 v3.15 Key value format for package options (HO)
))
\c@section@level=\count287
) (/usr/local/texlive/2025basic/texmf-dist/tex/latex/etoolbox/etoolbox.sty
Package: etoolbox 2025/02/11 v2.5l e-TeX tools for LaTeX (JAW)
\etb@tempcnta=\count288
) (/usr/local/texlive/2025basic/texmf-dist/tex/generic/stringenc/stringenc.sty
Package: stringenc 2019/11/29 v1.12 Convert strings between diff. encodings (HO)
)
\@linkdim=\dimen161
\Hy@linkcounter=\count289
\Hy@pagecounter=\count290
 (/usr/local/texlive/2025basic/texmf-dist/tex/latex/hyperref/pd1enc.def
File: pd1enc.def 2024-11-05 v7.01l Hyperref: PDFDocEncoding definition (HO)
Now handling font encoding PD1 ...
... no UTF-8 mapping file for font encoding PD1
) (/usr/local/texlive/2025basic/texmf-dist/tex/generic/intcalc/intcalc.sty
Package: intcalc 2019/12/15 v1.3 Expandable calculations with integers (HO)
)
\Hy@SavedSpaceFactor=\count291
 (/usr/local/texlive/2025basic/texmf-dist/tex/latex/hyperref/puenc.def
File: puenc.def 2024-11-05 v7.01l Hyperref: PDF Unicode definition (HO)
Now handling font encoding PU ...
... no UTF-8 mapping file for font encoding PU
)
Package hyperref Info: Hyper figures OFF on input line 4157.
Package hyperref Info: Link nesting OFF on input line 4162.
Package hyperref Info: Hyper index ON on input line 4165.
Package hyperref Info: Plain pages OFF on input line 4172.
Package hyperref Info: Backreferencing OFF on input line 4177.
Package hyperref Info: Implicit mode ON; LaTeX internals redefined.
Package hyperref Info: Bookmarks ON on input line 4424.
\c@Hy@tempcnt=\count292
 (/usr/local/texlive/2025basic/texmf-dist/tex/latex/url/url.sty
\Urlmuskip=\muskip18
Package: url 2013/09/16  ver 3.4  Verb mode for urls, etc.
)
LaTeX Info: Redefining \url on input line 4763.
\XeTeXLinkMargin=\dimen162
 (/usr/local/texlive/2025basic/texmf-dist/tex/generic/bitset/bitset.sty
Package: bitset 2019/12/09 v1.3 Handle bit-vector datatype (HO)
 (/usr/local/texlive/2025basic/texmf-dist/tex/generic/bigintcalc/bigintcalc.sty
Package: bigintcalc 2019/12/15 v1.5 Expandable calculations on big integers (HO)
))
\Fld@menulength=\count293
\Field@Width=\dimen163
\Fld@charsize=\dimen164
Package hyperref Info: Hyper figures OFF on input line 6042.
Package hyperref Info: Link nesting OFF on input line 6047.
Package hyperref Info: Hyper index ON on input line 6050.
Package hyperref Info: backreferencing OFF on input line 6057.
Package hyperref Info: Link coloring OFF on input line 6062.
Package hyperref Info: Link coloring with OCG OFF on input line 6067.
Package hyperref Info: PDF/A mode OFF on input line 6072.
 (/usr/local/texlive/2025basic/texmf-dist/tex/latex/base/atbegshi-ltx.sty
Package: atbegshi-ltx 2021/01/10 v1.0c Emulation of the original atbegshi
package with kernel methods
)
\Hy@abspage=\count294
\c@Item=\count295
\c@Hfootnote=\count296
)
Package hyperref Info: Driver (autodetected): hpdftex.
 (/usr/local/texlive/2025basic/texmf-dist/tex/latex/hyperref/hpdftex.def
File: hpdftex.def 2024-11-05 v7.01l Hyperref driver for pdfTeX
 (/usr/local/texlive/2025basic/texmf-dist/tex/latex/base/atveryend-ltx.sty
Package: atveryend-ltx 2020/08/19 v1.0a Emulation of the original atveryend package
with kernel methods
)
\Fld@listcount=\count297
\c@bookmark@seq@number=\count298
 (/usr/local/texlive/2025basic/texmf-dist/tex/latex/rerunfilecheck/rerunfilecheck.sty
Package: rerunfilecheck 2022-07-10 v1.10 Rerun checks for auxiliary files (HO)
 (/usr/local/texlive/2025basic/texmf-dist/tex/generic/uniquecounter/uniquecounter.sty
Package: uniquecounter 2019/12/15 v1.4 Provide unlimited unique counter (HO)
)
Package uniquecounter Info: New unique counter `rerunfilecheck' on input line 285.
)
\Hy@SectionHShift=\skip57
) (/usr/local/texlive/2025basic/texmf-dist/tex/latex/base/inputenc.sty
Package: inputenc 2024/02/08 v1.3d Input encoding file
\inpenc@prehook=\toks35
\inpenc@posthook=\toks36
) (/usr/local/texlive/2025basic/texmf-dist/tex/generic/babel/babel.sty
Package: babel 2025/02/14 v25.4 The multilingual framework for pdfLaTeX, LuaLaTeX and XeLaTeX
\babel@savecnt=\count299
\U@D=\dimen165
\l@unhyphenated=\language23
 (/usr/local/texlive/2025basic/texmf-dist/tex/generic/babel/txtbabel.def)
\bbl@readstream=\read2
\bbl@dirlevel=\count300
 (/usr/local/texlive/2025basic/texmf-dist/tex/generic/babel-english/english.ldf
Language: english 2017/06/06 v3.3r English support from the babel system
Package babel Info: Hyphen rules for 'canadian' set to \l@english
(babel)             (\language0). Reported on input line 102.
Package babel Info: Hyphen rules for 'australian' set to \l@ukenglish
(babel)             (\language7). Reported on input line 105.
Package babel Info: Hyphen rules for 'newzealand' set to \l@ukenglish
(babel)             (\language7). Reported on input line 108.
)) (/usr/local/texlive/2025basic/texmf-dist/tex/generic/babel/locale/en/babel-english.tex
Package babel Info: Importing font and identification data for english
(babel)             from babel-en.ini. Reported on input line 11.
) (/usr/local/texlive/2025basic/texmf-dist/tex/latex/framed/framed.sty
Package: framed 2011/10/22 v 0.96: framed or shaded text with page breaks
\OuterFrameSep=\skip58
\fb@frw=\dimen166
\fb@frh=\dimen167
\FrameRule=\dimen168
\FrameSep=\dimen169
) (/usr/local/texlive/2025basic/texmf-dist/tex/latex/xcolor/xcolor.sty
Package: xcolor 2024/09/29 v3.02 LaTeX color extensions (UK)
 (/usr/local/texlive/2025basic/texmf-dist/tex/latex/graphics-cfg/color.cfg
File: color.cfg 2016/01/02 v1.6 sample color configuration
)
Package xcolor Info: Driver file: pdftex.def on input line 274.
 (/usr/local/texlive/2025basic/texmf-dist/tex/latex/graphics/mathcolor.ltx)
Package xcolor Info: Model `cmy' substituted by `cmy0' on input line 1349.
Package xcolor Info: Model `hsb' substituted by `rgb' on input line 1353.
Package xcolor Info: Model `RGB' extended on input line 1365.
Package xcolor Info: Model `HTML' substituted by `rgb' on input line 1367.
Package xcolor Info: Model `Hsb' substituted by `hsb' on input line 1368.
Package xcolor Info: Model `tHsb' substituted by `hsb' on input line 1369.
Package xcolor Info: Model `HSB' substituted by `hsb' on input line 1370.
Package xcolor Info: Model `Gray' substituted by `gray' on input line 1371.
Package xcolor Info: Model `wave' substituted by `hsb' on input line 1372.
) (/usr/local/texlive/2025basic/texmf-dist/tex/latex/graphics/dvipsnam.def
File: dvipsnam.def 2016/06/17 v3.0m Driver-dependent file (DPC,SPQR)
) (/usr/local/texlive/2025basic/texmf-dist/tex/latex/tcolorbox/tcolorbox.sty
Package: tcolorbox 2025/09/09 version 6.8.0 text color boxes
 (/usr/local/texlive/2025basic/texmf-dist/tex/latex/pgf/frontendlayer/tikz.sty (/usr/local/texlive/2025basic/texmf-dist/tex/latex/pgf/basiclayer/pgf.sty (/usr/local/texlive/2025basic/texmf-dist/tex/latex/pgf/utilities/pgfrcs.sty (/usr/local/texlive/2025basic/texmf-dist/tex/generic/pgf/utilities/pgfutil-common.tex
\pgfutil@everybye=\toks37
\pgfutil@tempdima=\dimen170
\pgfutil@tempdimb=\dimen171
) (/usr/local/texlive/2025basic/texmf-dist/tex/generic/pgf/utilities/pgfutil-latex.def
\pgfutil@abb=\box56
) (/usr/local/texlive/2025basic/texmf-dist/tex/generic/pgf/utilities/pgfrcs.code.tex (/usr/local/texlive/2025basic/texmf-dist/tex/generic/pgf/pgf.revision.tex)
Package: pgfrcs 2023-01-15 v3.1.10 (3.1.10)
))
Package: pgf 2023-01-15 v3.1.10 (3.1.10)
 (/usr/local/texlive/2025basic/texmf-dist/tex/latex/pgf/basiclayer/pgfcore.sty (/usr/local/texlive/2025basic/texmf-dist/tex/latex/pgf/systemlayer/pgfsys.sty (/usr/local/texlive/2025basic/texmf-dist/tex/generic/pgf/systemlayer/pgfsys.code.tex
Package: pgfsys 2023-01-15 v3.1.10 (3.1.10)
 (/usr/local/texlive/2025basic/texmf-dist/tex/generic/pgf/utilities/pgfkeys.code.tex
\pgfkeys@pathtoks=\toks38
\pgfkeys@temptoks=\toks39
 (/usr/local/texlive/2025basic/texmf-dist/tex/generic/pgf/utilities/pgfkeyslibraryfiltered.code.tex
\pgfkeys@tmptoks=\toks40
))
\pgf@x=\dimen172
\pgf@y=\dimen173
\pgf@xa=\dimen174
\pgf@ya=\dimen175
\pgf@xb=\dimen176
\pgf@yb=\dimen177
\pgf@xc=\dimen178
\pgf@yc=\dimen179
\pgf@xd=\dimen180
\pgf@yd=\dimen181
\w@pgf@writea=\write3
\r@pgf@reada=\read3
\c@pgf@counta=\count301
\c@pgf@countb=\count302
\c@pgf@countc=\count303
\c@pgf@countd=\count304
\t@pgf@toka=\toks41
\t@pgf@tokb=\toks42
\t@pgf@tokc=\toks43
\pgf@sys@id@count=\count305
 (/usr/local/texlive/2025basic/texmf-dist/tex/generic/pgf/systemlayer/pgf.cfg
File: pgf.cfg 2023-01-15 v3.1.10 (3.1.10)
)
Driver file for pgf: pgfsys-pdftex.def
 (/usr/local/texlive/2025basic/texmf-dist/tex/generic/pgf/systemlayer/pgfsys-pdftex.def
File: pgfsys-pdftex.def 2023-01-15 v3.1.10 (3.1.10)
 (/usr/local/texlive/2025basic/texmf-dist/tex/generic/pgf/systemlayer/pgfsys-common-pdf.def
File: pgfsys-common-pdf.def 2023-01-15 v3.1.10 (3.1.10)
))) (/usr/local/texlive/2025basic/texmf-dist/tex/generic/pgf/systemlayer/pgfsyssoftpath.code.tex
File: pgfsyssoftpath.code.tex 2023-01-15 v3.1.10 (3.1.10)
\pgfsyssoftpath@smallbuffer@items=\count306
\pgfsyssoftpath@bigbuffer@items=\count307
) (/usr/local/texlive/2025basic/texmf-dist/tex/generic/pgf/systemlayer/pgfsysprotocol.code.tex
File: pgfsysprotocol.code.tex 2023-01-15 v3.1.10 (3.1.10)
)) (/usr/local/texlive/2025basic/texmf-dist/tex/generic/pgf/basiclayer/pgfcore.code.tex
Package: pgfcore 2023-01-15 v3.1.10 (3.1.10)
 (/usr/local/texlive/2025basic/texmf-dist/tex/generic/pgf/math/pgfmath.code.tex (/usr/local/texlive/2025basic/texmf-dist/tex/generic/pgf/math/pgfmathutil.code.tex) (/usr/local/texlive/2025basic/texmf-dist/tex/generic/pgf/math/pgfmathparser.code.tex
\pgfmath@dimen=\dimen182
\pgfmath@count=\count308
\pgfmath@box=\box57
\pgfmath@toks=\toks44
\pgfmath@stack@operand=\toks45
\pgfmath@stack@operation=\toks46
) (/usr/local/texlive/2025basic/texmf-dist/tex/generic/pgf/math/pgfmathfunctions.code.tex) (/usr/local/texlive/2025basic/texmf-dist/tex/generic/pgf/math/pgfmathfunctions.basic.code.tex) (/usr/local/texlive/2025basic/texmf-dist/tex/generic/pgf/math/pgfmathfunctions.trigonometric.code.tex) (/usr/local/texlive/2025basic/texmf-dist/tex/generic/pgf/math/pgfmathfunctions.random.code.tex) (/usr/local/texlive/2025basic/texmf-dist/tex/generic/pgf/math/pgfmathfunctions.comparison.code.tex) (/usr/local/texlive/2025basic/texmf-dist/tex/generic/pgf/math/pgfmathfunctions.base.code.tex) (/usr/local/texlive/2025basic/texmf-dist/tex/generic/pgf/math/pgfmathfunctions.round.code.tex) (/usr/local/texlive/2025basic/texmf-dist/tex/generic/pgf/math/pgfmathfunctions.misc.code.tex) (/usr/local/texlive/2025basic/texmf-dist/tex/generic/pgf/math/pgfmathfunctions.integerarithmetics.code.tex) (/usr/local/texlive/2025basic/texmf-dist/tex/generic/pgf/math/pgfmathcalc.code.tex) (/usr/local/texlive/2025basic/texmf-dist/tex/generic/pgf/math/pgfmathfloat.code.tex
\c@pgfmathroundto@lastzeros=\count309
)) (/usr/local/texlive/2025basic/texmf-dist/tex/generic/pgf/math/pgfint.code.tex) (/usr/local/texlive/2025basic/texmf-dist/tex/generic/pgf/basiclayer/pgfcorepoints.code.tex
File: pgfcorepoints.code.tex 2023-01-15 v3.1.10 (3.1.10)
\pgf@picminx=\dimen183
\pgf@picmaxx=\dimen184
\pgf@picminy=\dimen185
\pgf@picmaxy=\dimen186
\pgf@pathminx=\dimen187
\pgf@pathmaxx=\dimen188
\pgf@pathminy=\dimen189
\pgf@pathmaxy=\dimen190
\pgf@xx=\dimen191
\pgf@xy=\dimen192
\pgf@yx=\dimen193
\pgf@yy=\dimen194
\pgf@zx=\dimen195
\pgf@zy=\dimen196
) (/usr/local/texlive/2025basic/texmf-dist/tex/generic/pgf/basiclayer/pgfcorepathconstruct.code.tex
File: pgfcorepathconstruct.code.tex 2023-01-15 v3.1.10 (3.1.10)
\pgf@path@lastx=\dimen197
\pgf@path@lasty=\dimen198
) (/usr/local/texlive/2025basic/texmf-dist/tex/generic/pgf/basiclayer/pgfcorepathusage.code.tex
File: pgfcorepathusage.code.tex 2023-01-15 v3.1.10 (3.1.10)
\pgf@shorten@end@additional=\dimen199
\pgf@shorten@start@additional=\dimen256
) (/usr/local/texlive/2025basic/texmf-dist/tex/generic/pgf/basiclayer/pgfcorescopes.code.tex
File: pgfcorescopes.code.tex 2023-01-15 v3.1.10 (3.1.10)
\pgfpic=\box58
\pgf@hbox=\box59
\pgf@layerbox@main=\box60
\pgf@picture@serial@count=\count310
) (/usr/local/texlive/2025basic/texmf-dist/tex/generic/pgf/basiclayer/pgfcoregraphicstate.code.tex
File: pgfcoregraphicstate.code.tex 2023-01-15 v3.1.10 (3.1.10)
\pgflinewidth=\dimen257
) (/usr/local/texlive/2025basic/texmf-dist/tex/generic/pgf/basiclayer/pgfcoretransformations.code.tex
File: pgfcoretransformations.code.tex 2023-01-15 v3.1.10 (3.1.10)
\pgf@pt@x=\dimen258
\pgf@pt@y=\dimen259
\pgf@pt@temp=\dimen260
) (/usr/local/texlive/2025basic/texmf-dist/tex/generic/pgf/basiclayer/pgfcorequick.code.tex
File: pgfcorequick.code.tex 2023-01-15 v3.1.10 (3.1.10)
) (/usr/local/texlive/2025basic/texmf-dist/tex/generic/pgf/basiclayer/pgfcoreobjects.code.tex
File: pgfcoreobjects.code.tex 2023-01-15 v3.1.10 (3.1.10)
) (/usr/local/texlive/2025basic/texmf-dist/tex/generic/pgf/basiclayer/pgfcorepathprocessing.code.tex
File: pgfcorepathprocessing.code.tex 2023-01-15 v3.1.10 (3.1.10)
) (/usr/local/texlive/2025basic/texmf-dist/tex/generic/pgf/basiclayer/pgfcorearrows.code.tex
File: pgfcorearrows.code.tex 2023-01-15 v3.1.10 (3.1.10)
\pgfarrowsep=\dimen261
) (/usr/local/texlive/2025basic/texmf-dist/tex/generic/pgf/basiclayer/pgfcoreshade.code.tex
File: pgfcoreshade.code.tex 2023-01-15 v3.1.10 (3.1.10)
\pgf@max=\dimen262
\pgf@sys@shading@range@num=\count311
\pgf@shadingcount=\count312
) (/usr/local/texlive/2025basic/texmf-dist/tex/generic/pgf/basiclayer/pgfcoreimage.code.tex
File: pgfcoreimage.code.tex 2023-01-15 v3.1.10 (3.1.10)
) (/usr/local/texlive/2025basic/texmf-dist/tex/generic/pgf/basiclayer/pgfcoreexternal.code.tex
File: pgfcoreexternal.code.tex 2023-01-15 v3.1.10 (3.1.10)
\pgfexternal@startupbox=\box61
) (/usr/local/texlive/2025basic/texmf-dist/tex/generic/pgf/basiclayer/pgfcorelayers.code.tex
File: pgfcorelayers.code.tex 2023-01-15 v3.1.10 (3.1.10)
) (/usr/local/texlive/2025basic/texmf-dist/tex/generic/pgf/basiclayer/pgfcoretransparency.code.tex
File: pgfcoretransparency.code.tex 2023-01-15 v3.1.10 (3.1.10)
) (/usr/local/texlive/2025basic/texmf-dist/tex/generic/pgf/basiclayer/pgfcorepatterns.code.tex
File: pgfcorepatterns.code.tex 2023-01-15 v3.1.10 (3.1.10)
) (/usr/local/texlive/2025basic/texmf-dist/tex/generic/pgf/basiclayer/pgfcorerdf.code.tex
File: pgfcorerdf.code.tex 2023-01-15 v3.1.10 (3.1.10)
))) (/usr/local/texlive/2025basic/texmf-dist/tex/generic/pgf/modules/pgfmoduleshapes.code.tex
File: pgfmoduleshapes.code.tex 2023-01-15 v3.1.10 (3.1.10)
\pgfnodeparttextbox=\box62
) (/usr/local/texlive/2025basic/texmf-dist/tex/generic/pgf/modules/pgfmoduleplot.code.tex
File: pgfmoduleplot.code.tex 2023-01-15 v3.1.10 (3.1.10)
) (/usr/local/texlive/2025basic/texmf-dist/tex/latex/pgf/compatibility/pgfcomp-version-0-65.sty
Package: pgfcomp-version-0-65 2023-01-15 v3.1.10 (3.1.10)
\pgf@nodesepstart=\dimen263
\pgf@nodesepend=\dimen264
) (/usr/local/texlive/2025basic/texmf-dist/tex/latex/pgf/compatibility/pgfcomp-version-1-18.sty
Package: pgfcomp-version-1-18 2023-01-15 v3.1.10 (3.1.10)
)) (/usr/local/texlive/2025basic/texmf-dist/tex/latex/pgf/utilities/pgffor.sty (/usr/local/texlive/2025basic/texmf-dist/tex/latex/pgf/utilities/pgfkeys.sty (/usr/local/texlive/2025basic/texmf-dist/tex/generic/pgf/utilities/pgfkeys.code.tex)) (/usr/local/texlive/2025basic/texmf-dist/tex/latex/pgf/math/pgfmath.sty (/usr/local/texlive/2025basic/texmf-dist/tex/generic/pgf/math/pgfmath.code.tex))
(/usr/local/texlive/2025basic/texmf-dist/tex/generic/pgf/utilities/pgffor.code.tex
Package: pgffor 2023-01-15 v3.1.10 (3.1.10)
\pgffor@iter=\dimen265
\pgffor@skip=\dimen266
\pgffor@stack=\toks47
\pgffor@toks=\toks48
)) (/usr/local/texlive/2025basic/texmf-dist/tex/generic/pgf/frontendlayer/tikz/tikz.code.tex
Package: tikz 2023-01-15 v3.1.10 (3.1.10)
 (/usr/local/texlive/2025basic/texmf-dist/tex/generic/pgf/libraries/pgflibraryplothandlers.code.tex
File: pgflibraryplothandlers.code.tex 2023-01-15 v3.1.10 (3.1.10)
\pgf@plot@mark@count=\count313
\pgfplotmarksize=\dimen267
)
\tikz@lastx=\dimen268
\tikz@lasty=\dimen269
\tikz@lastxsaved=\dimen270
\tikz@lastysaved=\dimen271
\tikz@lastmovetox=\dimen272
\tikz@lastmovetoy=\dimen273
\tikzleveldistance=\dimen274
\tikzsiblingdistance=\dimen275
\tikz@figbox=\box63
\tikz@figbox@bg=\box64
\tikz@tempbox=\box65
\tikz@tempbox@bg=\box66
\tikztreelevel=\count314
\tikznumberofchildren=\count315
\tikznumberofcurrentchild=\count316
\tikz@fig@count=\count317
 (/usr/local/texlive/2025basic/texmf-dist/tex/generic/pgf/modules/pgfmodulematrix.code.tex
File: pgfmodulematrix.code.tex 2023-01-15 v3.1.10 (3.1.10)
\pgfmatrixcurrentrow=\count318
\pgfmatrixcurrentcolumn=\count319
\pgf@matrix@numberofcolumns=\count320
)
\tikz@expandcount=\count321
 (/usr/local/texlive/2025basic/texmf-dist/tex/generic/pgf/frontendlayer/tikz/libraries/tikzlibrarytopaths.code.tex
File: tikzlibrarytopaths.code.tex 2023-01-15 v3.1.10 (3.1.10)
))) (/usr/local/texlive/2025basic/texmf-dist/tex/latex/tools/verbatim.sty
Package: verbatim 2024-01-22 v1.5x LaTeX2e package for verbatim enhancements
\every@verbatim=\toks49
\verbatim@line=\toks50
\verbatim@in@stream=\read4
) (/usr/local/texlive/2025basic/texmf-dist/tex/latex/environ/environ.sty
Package: environ 2014/05/04 v0.3 A new way to define environments
 (/usr/local/texlive/2025basic/texmf-dist/tex/latex/trimspaces/trimspaces.sty
Package: trimspaces 2009/09/17 v1.1 Trim spaces around a token list
))
\tcb@titlebox=\box67
\tcb@upperbox=\box68
\tcb@lowerbox=\box69
\tcb@phantombox=\box70
\c@tcbbreakpart=\count322
\c@tcblayer=\count323
\c@tcolorbox@number=\count324
\l__tcobox_tmpa_box=\box71
\l__tcobox_tmpa_dim=\dimen276
\tcb@temp=\box72
\tcb@temp=\box73
\tcb@temp=\box74
\tcb@temp=\box75
) (/usr/local/texlive/2025basic/texmf-dist/tex/latex/qtree/qtree.sty
Package: 2008/12/12 v.3.1bQtree: tree-drawing for linguistics
Package: qtree 2008/12/12 v.3.1bQtree: tree-drawing for linguistics
(/usr/local/texlive/2025basic/texmf-dist/tex/latex/pict2e/pict2e.sty
Package: pict2e 2020/09/30 v0.4b Improved picture commands (HjG,RN,JT)
 (/usr/local/texlive/2025basic/texmf-dist/tex/latex/pict2e/pict2e.cfg
File: pict2e.cfg 2016/02/05 v0.1u pict2e configuration for teTeX/TeXLive
)
Package pict2e Info: Driver file: pdftex.def on input line 112.
Package pict2e Info: Driver file for pict2e: p2e-pdftex.def on input line 114.
 (/usr/local/texlive/2025basic/texmf-dist/tex/latex/pict2e/p2e-pdftex.def
File: p2e-pdftex.def 2016/02/05 v0.1u Driver-dependant file (RN,HjG,JT)
)
\pIIe@GRAPH=\toks51
\@arclen=\dimen277
\@arcrad=\dimen278
\pIIe@tempdima=\dimen279
\pIIe@tempdimb=\dimen280
\pIIe@tempdimc=\dimen281
\pIIe@tempdimd=\dimen282
\pIIe@tempdime=\dimen283
\pIIe@tempdimf=\dimen284
)
\c@treecount=\count325
\c@branchcount=\count326
\parentbox=\box76
\treebox=\box77
\treeboxone=\box78
\treeboxtwo=\box79
\treeboxthree=\box80
\treeboxfour=\box81
\treeboxfive=\box82
\treeboxsix=\box83
\treeboxseven=\box84
\treeboxeight=\box85
\treeboxnine=\box86
\treeboxten=\box87
\treeboxeleven=\box88
\treeboxtwelve=\box89
\treeboxthirteen=\box90
\treeboxfourteen=\box91
\treeboxfifteen=\box92
\treeboxsixteen=\box93
\treeboxseventeen=\box94
\treeboxeighteen=\box95
\treeboxnineteen=\box96
\treeboxtwenty=\box97
\treeoffsetone=\skip59
\treeoffsettwo=\skip60
\treeoffsetthree=\skip61
\treeoffsetfour=\skip62
\treeoffsetfive=\skip63
\treeoffsetsix=\skip64
\treeoffsetseven=\skip65
\treeoffseteight=\skip66
\treeoffsetnine=\skip67
\treeoffsetten=\skip68
\treeoffseteleven=\skip69
\treeoffsettwelve=\skip70
\treeoffsetthirteen=\skip71
\treeoffsetfourteen=\skip72
\treeoffsetfifteen=\skip73
\treeoffsetsixteen=\skip74
\treeoffsetseventeen=\skip75
\treeoffseteighteen=\skip76
\treeoffsetnineteen=\skip77
\treeoffsettwenty=\skip78
\treeshiftone=\skip79
\treeshifttwo=\skip80
\treeshiftthree=\skip81
\treeshiftfour=\skip82
\treeshiftfive=\skip83
\treeshiftsix=\skip84
\treeshiftseven=\skip85
\treeshifteight=\skip86
\treeshiftnine=\skip87
\treeshiftten=\skip88
\treeshifteleven=\skip89
\treeshifttwelve=\skip90
\treeshiftthirteen=\skip91
\treeshiftfourteen=\skip92
\treeshiftfifteen=\skip93
\treeshiftsixteen=\skip94
\treeshiftseventeen=\skip95
\treeshifteighteen=\skip96
\treeshiftnineteen=\skip97
\treeshifttwenty=\skip98
\treewidthone=\skip99
\treewidthtwo=\skip100
\treewidththree=\skip101
\treewidthfour=\skip102
\treewidthfive=\skip103
\treewidthsix=\skip104
\treewidthseven=\skip105
\treewidtheight=\skip106
\treewidthnine=\skip107
\treewidthten=\skip108
\treewidtheleven=\skip109
\treewidthtwelve=\skip110
\treewidththirteen=\skip111
\treewidthfourteen=\skip112
\treewidthfifteen=\skip113
\treewidthsixteen=\skip114
\treewidthseventeen=\skip115
\treewidtheighteen=\skip116
\treewidthnineteen=\skip117
\treewidthtwenty=\skip118
\daughteroffsetone=\skip119
\daughteroffsettwo=\skip120
\daughteroffsetthree=\skip121
\daughteroffsetfour=\skip122
\branchwidthone=\skip123
\branchwidthtwo=\skip124
\branchwidththree=\skip125
\branchwidthfour=\skip126
\parentoffset=\skip127
\treeoffset=\skip128
\daughteroffset=\skip129
\branchwidth=\skip130
\parentwidth=\skip131
\treewidth=\skip132
\qta=\toks52
\qtb=\toks53
\nbranches=\count327
\qroofx=\count328
\qroofy=\count329
\@qrscratchbox=\box98
)
Package thmtools Info: Key `name' (with value `Theorem')
(thmtools)             is not a known style key.
(thmtools)             Will pass this to every \declaretheorem
(thmtools)             that uses `style=thmsty' on input line 33.
\c@theorem=\count330
Package thmtools Info: Key `name' (with value `Example')
(thmtools)             is not a known style key.
(thmtools)             Will pass this to every \declaretheorem
(thmtools)             that uses `style=prosty' on input line 37.
Package thmtools Info: Key `name' (with value `Definition')
(thmtools)             is not a known style key.
(thmtools)             Will pass this to every \declaretheorem
(thmtools)             that uses `style=prcpsty' on input line 41.
 (/usr/local/texlive/2025basic/texmf-dist/tex/latex/l3backend/l3backend-pdftex.def
File: l3backend-pdftex.def 2024-05-08 L3 backend support: PDF output (pdfTeX)
\l__color_backend_stack_int=\count331
\l__pdf_internal_box=\box99
) (./ma581.aux)
\openout1 = `ma581.aux'.

LaTeX Font Info:    Checking defaults for OML/cmm/m/it on input line 57.
LaTeX Font Info:    ... okay on input line 57.
LaTeX Font Info:    Checking defaults for OMS/cmsy/m/n on input line 57.
LaTeX Font Info:    ... okay on input line 57.
LaTeX Font Info:    Checking defaults for OT1/cmr/m/n on input line 57.
LaTeX Font Info:    ... okay on input line 57.
LaTeX Font Info:    Checking defaults for T1/cmr/m/n on input line 57.
LaTeX Font Info:    ... okay on input line 57.
LaTeX Font Info:    Checking defaults for TS1/cmr/m/n on input line 57.
LaTeX Font Info:    ... okay on input line 57.
LaTeX Font Info:    Checking defaults for OMX/cmex/m/n on input line 57.
LaTeX Font Info:    ... okay on input line 57.
LaTeX Font Info:    Checking defaults for U/cmr/m/n on input line 57.
LaTeX Font Info:    ... okay on input line 57.
LaTeX Font Info:    Checking defaults for PD1/pdf/m/n on input line 57.
LaTeX Font Info:    ... okay on input line 57.
LaTeX Font Info:    Checking defaults for PU/pdf/m/n on input line 57.
LaTeX Font Info:    ... okay on input line 57.
 (/usr/local/texlive/2025basic/texmf-dist/tex/context/base/mkii/supp-pdf.mkii
[Loading MPS to PDF converter (version 2006.09.02).]
\scratchcounter=\count332
\scratchdimen=\dimen285
\scratchbox=\box100
\nofMPsegments=\count333
\nofMParguments=\count334
\everyMPshowfont=\toks54
\MPscratchCnt=\count335
\MPscratchDim=\dimen286
\MPnumerator=\count336
\makeMPintoPDFobject=\count337
\everyMPtoPDFconversion=\toks55
) (/usr/local/texlive/2025basic/texmf-dist/tex/latex/epstopdf-pkg/epstopdf-base.sty
Package: epstopdf-base 2020-01-24 v2.11 Base part for package epstopdf
Package epstopdf-base Info: Redefining graphics rule for `.eps' on input line 485.
 (/usr/local/texlive/2025basic/texmf-dist/tex/latex/latexconfig/epstopdf-sys.cfg
File: epstopdf-sys.cfg 2010/07/13 v1.3 Configuration of (r)epstopdf for TeX Live
))
*geometry* driver: auto-detecting
*geometry* detected driver: pdftex
*geometry* verbose mode - [ preamble ] result:
* driver: pdftex
* paper: <default>
* layout: <same size as paper>
* layoutoffset:(h,v)=(0.0pt,0.0pt)
* modes: 
* h-part:(L,W,R)=(108.405pt, 397.48499pt, 108.40501pt)
* v-part:(T,H,B)=(72.26999pt, 650.43pt, 72.27pt)
* \paperwidth=614.295pt
* \paperheight=794.96999pt
* \textwidth=397.48499pt
* \textheight=650.43pt
* \oddsidemargin=36.13501pt
* \evensidemargin=36.13501pt
* \topmargin=-37.0pt
* \headheight=12.0pt
* \headsep=25.0pt
* \topskip=10.0pt
* \footskip=30.0pt
* \marginparwidth=65.0pt
* \marginparsep=11.0pt
* \columnsep=10.0pt
* \skip\footins=9.0pt plus 4.0pt minus 2.0pt
* \hoffset=0.0pt
* \voffset=0.0pt
* \mag=1000
* \@twocolumnfalse
* \@twosidefalse
* \@mparswitchfalse
* \@reversemarginfalse
* (1in=72.27pt=25.4mm, 1cm=28.453pt)

Package hyperref Info: Link coloring OFF on input line 57.
(./ma581.out) (./ma581.out)
\@outlinefile=\write4
\openout4 = `ma581.out'.

LaTeX Font Info:    Trying to load font information for U+msa on input line 74.
 (/usr/local/texlive/2025basic/texmf-dist/tex/latex/amsfonts/umsa.fd
File: umsa.fd 2013/01/14 v3.01 AMS symbols A
)
LaTeX Font Info:    Trying to load font information for U+msb on input line 74.
 (/usr/local/texlive/2025basic/texmf-dist/tex/latex/amsfonts/umsb.fd
File: umsb.fd 2013/01/14 v3.01 AMS symbols B
)

[1

{/usr/local/texlive/2025basic/texmf-var/fonts/map/pdftex/updmap/pdftex.map}] (./ma581.toc

[2])
\tf@toc=\write5
\openout5 = `ma581.toc'.



[3]

[4]
Package hyperref Info: bookmark level for unknown definition defaults to 0 on input line 111.


[5]
<1.png, id=457, 615.29875pt x 146.5475pt>
File: 1.png Graphic file (type png)
<use 1.png>
Package pdftex.def Info: 1.png  used on input line 141.
(pdftex.def)             Requested size: 307.64862pt x 73.27356pt.
Package hyperref Info: bookmark level for unknown example defaults to 0 on input line 144.
Package hyperref Info: bookmark level for unknown theorem defaults to 0 on input line 151.


[6 <./1.png>]
pdfTeX warning (ext4): destination with the same identifier (name{definition.1}) has been already used, duplicate ignored
<to be read again> 
                   \relax 
l.192   A
          \textbf{random experiment} is an experiment whose outcome can't be...
pdfTeX warning (ext4): destination with the same identifier (name{definition.2}) has been already used, duplicate ignored
<to be read again> 
                   \relax 
l.195   T
         he \textbf{sample space} is the set of all possible outcomes of the...
pdfTeX warning (ext4): destination with the same identifier (name{definition.3}) has been already used, duplicate ignored
<to be read again> 
                   \relax 
l.198   A
         n \textbf{event} is a subset of the sample space. The set of all ev...
pdfTeX warning (ext4): destination with the same identifier (name{example.4}) has been already used, duplicate ignored
<to be read again> 
                   \relax 
l.201   T
         ossing a coin:

[7]
pdfTeX warning (ext4): destination with the same identifier (name{example.6}) has been already used, duplicate ignored
<to be read again> 
                   \relax 
l.230   N
         ow consider the same experiment from Example 1.11, but where Event ...

[8]

[9]

[10]
<2.png, id=524, 238.8925pt x 212.795pt>
File: 2.png Graphic file (type png)
<use 2.png>
Package pdftex.def Info: 2.png  used on input line 317.
(pdftex.def)             Requested size: 238.8919pt x 212.79446pt.


[11 <./2.png>]

[12]
pdfTeX warning (ext4): destination with the same identifier (name{example.5}) has been already used, duplicate ignored
<to be read again> 
                   \relax 
l.367   A
          committee of 3 persons is to be constituted from a group of 2 men ...
pdfTeX warning (ext4): destination with the same identifier (name{example.6}) has been already used, duplicate ignored
<to be read again> 
                   \relax 
l.374   F
         rom an ordinary deck of 52 cards, 7 are drawn at random, (1) withou...
pdfTeX warning (ext4): destination with the same identifier (name{example.7}) has been already used, duplicate ignored
<to be read again> 
                   \relax 
l.383   Y
         ou have 100 towels: 40 are yellow, 60 are white.

[13]

[14]
pdfTeX warning (ext4): destination with the same identifier (name{example.1}) has been already used, duplicate ignored
<to be read again> 
                   \relax 
l.404   C
         onsider the experiment of tossing a balanced coin three times:
pdfTeX warning (ext4): destination with the same identifier (name{definition.2}) has been already used, duplicate ignored
<to be read again> 
                   \relax 
l.415   L
         et $(\Omega,\mathcal{F} , \PP)$ be the probability space. Let $E,F\...
pdfTeX warning (ext4): destination with the same identifier (name{example.3}) has been already used, duplicate ignored
<to be read again> 
                   \relax 
l.419   R
         oll two fair dices. What is the probability that the numbers on the...

[15]
pdfTeX warning (ext4): destination with the same identifier (name{example.4}) has been already used, duplicate ignored
<to be read again> 
                   \relax 
l.430   F
         or the 107th Congress, 18.7\% of members are senators and 50\% of t...
pdfTeX warning (ext4): destination with the same identifier (name{example.5}) has been already used, duplicate ignored
<to be read again> 
                   \relax 
l.437   A
         n urn contains 5 red and 4 blue balls. A total of 4 balls is drawn ...

[16]
pdfTeX warning (ext4): destination with the same identifier (name{example.6}) has been already used, duplicate ignored
<to be read again> 
                   \relax 
l.454   5
         4\% of US men and 33\% of US women believe in aliens. Also, 48\% of...
pdfTeX warning (ext4): destination with the same identifier (name{example.7}) has been already used, duplicate ignored
<to be read again> 
                   \relax 
l.465   C
         onsider the experiment of randomly selecting one card from a deck o...
pdfTeX warning (ext4): destination with the same identifier (name{definition.8}) has been already used, duplicate ignored
<to be read again> 
                   \relax 
l.471   L
         et $(\Omega,\mathcal{F}, \PP)$ be a sample space; And $A, B\in \mat...

[17]
pdfTeX warning (ext4): destination with the same identifier (name{example.9}) has been already used, duplicate ignored
<to be read again> 
                   \relax 
l.479   O
         ne bag contains 3 red and 4 black balls while the other bag contain...

[18]
pdfTeX warning (ext4): destination with the same identifier (name{definition.1}) has been already used, duplicate ignored
<to be read again> 
                   \relax 
l.497   R
         andom Variable: Let $(\Omega,\mathcal{F},\PP)$ be a probability spa...
pdfTeX warning (ext4): destination with the same identifier (name{example.2}) has been already used, duplicate ignored
<to be read again> 
                   \relax 
l.500   T
         oss a fair coin three times. \[\Omega=\{HHH,HHT,HTH,HTT,THH,THT,TTH...
pdfTeX warning (ext4): destination with the same identifier (name{definition.3}) has been already used, duplicate ignored
<to be read again> 
                   \relax 
l.517   P
         robability Mass Function: Let $X$ be a discrete random variables (r...

[19]
pdfTeX warning (ext4): destination with the same identifier (name{example.4}) has been already used, duplicate ignored
<to be read again> 
                   \relax 
l.527   C
         onsider the random experiment of tossing a coin three times. Let $X...

[20]
pdfTeX warning (ext4): destination with the same identifier (name{example.5}) has been already used, duplicate ignored
<to be read again> 
                   \relax 
l.564   I
         f a fair coin is tossed 10 times, find the probability of

[21]
pdfTeX warning (ext4): destination with the same identifier (name{example.6}) has been already used, duplicate ignored
<to be read again> 
                   \relax 
l.586   L
         et the number of patients arriving in an emergency room from 6 to 7...

[22]

[23]
pdfTeX warning (ext4): destination with the same identifier (name{example.9}) has been already used, duplicate ignored
<to be read again> 
                   \relax 
l.652   L
         et $X\sim g(p)$ (geometric random variable), $p_X(x)=p(1-p)^{x-1};x...

[24]
pdfTeX warning (ext4): destination with the same identifier (name{example.1}) has been already used, duplicate ignored
<to be read again> 
                   \relax 
l.667   C
         onsider 50 homes currently for sale, where the number of bedrooms a...
pdfTeX warning (ext4): destination with the same identifier (name{example.2}) has been already used, duplicate ignored
<to be read again> 
                   \relax 
l.688   L
         et the joint PMF of $X$ and $Y$ be given by

[25]
pdfTeX warning (ext4): destination with the same identifier (name{example.3}) has been already used, duplicate ignored
<to be read again> 
                   \relax 
l.707   S
         uppose that one of the 50 homes is selected at random. $X$ is the n...

[26]
pdfTeX warning (ext4): destination with the same identifier (name{example.4}) has been already used, duplicate ignored
<to be read again> 
                   \relax 
l.740   L
         et $X,Y$ denote the lifetimes of the two components observed at dis...
pdfTeX warning (ext4): destination with the same identifier (name{example.5}) has been already used, duplicate ignored
<to be read again> 
                   \relax 
l.748   S
         uppose that one of the 50 homes from Example 6.3 is selected at ran...

[27]
pdfTeX warning (ext4): destination with the same identifier (name{example.7}) has been already used, duplicate ignored
<to be read again> 
                   \relax 
l.763   I
         f $X,Y$ are independent, and
pdfTeX warning (ext4): destination with the same identifier (name{example.8}) has been already used, duplicate ignored
<to be read again> 
                   \relax 
l.773   L
         et $X,Y$ be two discrete random variables whose joint PMF is given by

[28]
pdfTeX warning (ext4): destination with the same identifier (name{example.9}) has been already used, duplicate ignored
<to be read again> 
                   \relax 
l.791   L
         et $X,Y\sim g(p)$: $X,Y$ are independent. Determine and identify th...
pdfTeX warning (ext4): destination with the same identifier (name{example.10}) has been already used, duplicate ignored
<to be read again> 
                   \relax 
l.803   $
         X,Y$ are two independent geometric random variables with parameter ...

[29]
pdfTeX warning (ext4): destination with the same identifier (name{example.11}) has been already used, duplicate ignored
<to be read again> 
                   \relax 
l.818     \item I
                 f $X,Y$ are two independent variables, $X\sim P(\lambda)$, ...
Underfull \hbox (badness 6725) in paragraph at lines 818--822
\OT1/cmr/m/n/10 We start: $\OML/cmm/m/it/10 p[]\OT1/cmr/m/n/10 (\OML/cmm/m/it/10 z\OT1/cmr/m/n/10 ) = \U/msb/m/n/10 P\OT1/cmr/m/n/10 (\OML/cmm/m/it/10 Z \OT1/cmr/m/n/10 = \OML/cmm/m/it/10 z\OT1/cmr/m/n/10 ) = [][] \OML/cmm/m/it/10 p[]\OT1/cmr/m/n/10 (\OML/cmm/m/it/10 x\OT1/cmr/m/n/10 )\OML/cmm/m/it/10 p[]\OT1/cmr/m/n/10 (\OML/cmm/m/it/10 z \OMS/cmsy/m/n/10 ^^@ \OML/cmm/m/it/10 x\OT1/cmr/m/n/10 ) =
 []


pdfTeX warning (ext4): destination with the same identifier (name{definition.1}) has been already used, duplicate ignored
<to be read again> 
                   \relax 
l.826   T
         he \textbf{expected value} of a discrete random variable, denoted b...
pdfTeX warning (ext4): destination with the same identifier (name{example.2}) has been already used, duplicate ignored
<to be read again> 
                   \relax 
l.828 \begin{example} F
                       ollowing are some examples of this concept:
Underfull \hbox (badness 3769) in paragraph at lines 832--833
[]\OT1/cmr/m/n/10 Let $\OML/cmm/m/it/10 X \OMS/cmsy/m/n/10 ^^X$ \OT1/cmr/m/n/10 Poisson$(\OML/cmm/m/it/10 ^^U\OT1/cmr/m/n/10 )$: $\U/msb/m/n/10 E\OT1/cmr/m/n/10 [\OML/cmm/m/it/10 X\OT1/cmr/m/n/10 ] = [][] \OML/cmm/m/it/10 xp[]\OT1/cmr/m/n/10 (\OML/cmm/m/it/10 x\OT1/cmr/m/n/10 ) = [][] \OML/cmm/m/it/10 xe[][] \OT1/cmr/m/n/10 =
 []



[30]

[31]
pdfTeX warning (ext4): destination with the same identifier (name{example.3}) has been already used, duplicate ignored
<to be read again> 
                   \relax 
l.855 \begin{example} C
                       onsider the following examples:

[32]
pdfTeX warning (ext4): destination with the same identifier (name{example.4}) has been already used, duplicate ignored
<to be read again> 
                   \relax 
l.875   L
         et $X\sim g(p)$; geometric random variable with parameter $p$. Chec...
pdfTeX warning (ext4): destination with the same identifier (name{example.6}) has been already used, duplicate ignored
<to be read again> 
                   \relax 
l.900   F
         ollowing are some examples:

[33]
pdfTeX warning (ext4): destination with the same identifier (name{example.7}) has been already used, duplicate ignored
<to be read again> 
                   \relax 
l.919   L
         et $X\sim Bin(n,p).$ Then, $\E[X]=np;var(X)=np(1-p).$ Can you bound...

[34]
pdfTeX warning (ext4): destination with the same identifier (name{definition.8}) has been already used, duplicate ignored
<to be read again> 
                   \relax 
l.931   L
         et $X, Y$ be two random variables such that $\sigma_X^2,\sigma_Y^2<...
pdfTeX warning (ext4): destination with the same identifier (name{example.9}) has been already used, duplicate ignored
<to be read again> 
                   \relax 
l.945   A
         s an example, expand $cov(2X+3,-5Y+6)$.

[35]
pdfTeX warning (ext4): destination with the same identifier (name{example.11}) has been already used, duplicate ignored
<to be read again> 
                   \relax 
l.964   I
         f $var(X)=0.3376, var(Y)=0.56, cov(X,Y)=0.224$, then $\rho(X,Y)=\fr...
pdfTeX warning (ext4): destination with the same identifier (name{example.12}) has been already used, duplicate ignored
<to be read again> 
                   \relax 
l.969   L
         et $N=$ number of customers arriving at a bar on a given day, and $...

[36]

[37]
pdfTeX warning (ext4): destination with the same identifier (name{example.1}) has been already used, duplicate ignored
<to be read again> 
                   \relax 
l.1012   S
          uppose that a number is selected at random from the interval $(0,1...
pdfTeX warning (ext4): destination with the same identifier (name{definition.2}) has been already used, duplicate ignored
<to be read again> 
                   \relax 
l.1018   A
           random variable $X$ is called a \textbf{continuous random variabl...
pdfTeX warning (ext4): destination with the same identifier (name{definition.3}) has been already used, duplicate ignored
<to be read again> 
                   \relax 
l.1026   L
          et $X$ be a random variable (discrete/continuous). The\\ \textbf{c...
pdfTeX warning (ext4): destination with the same identifier (name{example.4}) has been already used, duplicate ignored
<to be read again> 
                   \relax 
l.1031   T
          oss a coin three times, and let $X$ be the number of heads. Determ...

[38]
pdfTeX warning (ext4): destination with the same identifier (name{example.5}) has been already used, duplicate ignored
<to be read again> 
                   \relax 
l.1060   L
          et $X$ denote a number selected at random from $(0,1)$. Find the C...

[39]

[40]
pdfTeX warning (ext4): destination with the same identifier (name{definition.6}) has been already used, duplicate ignored
<to be read again> 
                   \relax 
l.1087   L
          et $X$ be a continuous random variable. A non-negative function

[41]
pdfTeX warning (ext4): destination with the same identifier (name{example.7}) has been already used, duplicate ignored
<to be read again> 
                   \relax 
l.1112   L
          et
pdfTeX warning (ext4): destination with the same identifier (name{example.8}) has been already used, duplicate ignored
<to be read again> 
                   \relax 
l.1132   L
          et's now find the CDF from the PDF from the previous example. We k...

[42]
pdfTeX warning (ext4): destination with the same identifier (name{example.10}) has been already used, duplicate ignored
<to be read again> 
                   \relax 
l.1154   A
           commuter train arrives at a station every half an hour. Let $X$ b...

[43]
pdfTeX warning (ext4): destination with the same identifier (name{definition.11}) has been already used, duplicate ignored
<to be read again> 
                   \relax 
l.1168   A
           continuous random variable $X$ is called an \textbf{exponential r...
pdfTeX warning (ext4): destination with the same identifier (name{example.12}) has been already used, duplicate ignored
<to be read again> 
                   \relax 
l.1180   T
          he time until the first patient arrives at the emergency room has ...

[44]
pdfTeX warning (ext4): destination with the same identifier (name{example.4}) has been already used, duplicate ignored
<to be read again> 
                   \relax 
l.1200   (
          continued)
pdfTeX warning (ext4): destination with the same identifier (name{definition.5}) has been already used, duplicate ignored
<to be read again> 
                   \relax 
l.1211   A
           continuous random variable $X$ is called a normal random variable...

[45]
pdfTeX warning (ext4): destination with the same identifier (name{definition.6}) has been already used, duplicate ignored
<to be read again> 
                   \relax 
l.1228   A
           normal random variable with parameters $0$ and $1$ is called a st...
pdfTeX warning (ext4): destination with the same identifier (name{example.7}) has been already used, duplicate ignored
<to be read again> 
                   \relax 
l.1237 L
        et $X\sim N(2,4)$ and $\Phi(2)=0.9772, \Phi(\frac{1}{2})=0.6915.$ a)...

[46]
pdfTeX warning (ext4): destination with the same identifier (name{definition.8}) has been already used, duplicate ignored
<to be read again> 
                   \relax 
l.1249 A
         continuous random variable $X$ is called a \textbf{gamma random var...
pdfTeX warning (ext4): destination with the same identifier (name{example.9}) has been already used, duplicate ignored
<to be read again> 
                   \relax 
l.1260 T
        he time until the third patient arrives has the gamma distribution w...

[47]
pdfTeX warning (ext4): destination with the same identifier (name{example.10}) has been already used, duplicate ignored
<to be read again> 
                   \relax 
l.1277 L
        et $X\sim N(\mu,\sigma^2)$ and $Y=4X-2$. So, $g(X)=Y=4X-2.$ Hence, $...
pdfTeX warning (ext4): destination with the same identifier (name{example.11}) has been already used, duplicate ignored
<to be read again> 
                   \relax 
l.1280 L
        et $X\sim N(0,1)$ and $Y=X^2$. We note here that $g(x)=x^2$ and the ...

[48]
pdfTeX warning (ext4): destination with the same identifier (name{example.12}) has been already used, duplicate ignored
<to be read again> 
                   \relax 
l.1293 L
        et $X\sim N(\mu,\sigma^2)$ and $Y=a-3X$. Thus, $g(x)=y=a-3x\implies ...

[49]
pdfTeX warning (ext4): destination with the same identifier (name{definition.1}) has been already used, duplicate ignored
<to be read again> 
                   \relax 
l.1317 L
        et $X,Y$ be two random variables. Then, the joint CDF of $X,Y$ is
pdfTeX warning (ext4): destination with the same identifier (name{definition.2}) has been already used, duplicate ignored
<to be read again> 
                   \relax 
l.1327 L
        et $X,Y$ be random variables. A non-negative function $f_{X,Y}$ is a...

[50]

[51]
pdfTeX warning (ext4): destination with the same identifier (name{example.3}) has been already used, duplicate ignored
<to be read again> 
                   \relax 
l.1359 L
        et $X,Y$ denote lifetimes of electrical components A and B. The join...

[52]
pdfTeX warning (ext4): destination with the same identifier (name{example.4}) has been already used, duplicate ignored
<to be read again> 
                   \relax 
l.1388 L
        et $(X,Y)\sim$ Uniform in unit disk.
pdfTeX warning (ext4): destination with the same identifier (name{example.5}) has been already used, duplicate ignored
<to be read again> 
                   \relax 
l.1420 L
        et $X_1, X_2\sim Exp(\lambda)$, independently and identically distri...
pdfTeX warning (ext4): destination with the same identifier (name{example.6}) has been already used, duplicate ignored
<to be read again> 
                   \relax 
l.1436 $
        X_i\sim Exp(\lambda_i),i=1,2,\dots,m.$ $X_i$ can be considered as th...

[53]
pdfTeX warning (ext4): destination with the same identifier (name{example.7}) has been already used, duplicate ignored
<to be read again> 
                   \relax 
l.1444 S
        um of two independent Gamma random variables: Let $X\sim\Gamma(a,\la...

[54]

[55]
pdfTeX warning (ext4): destination with the same identifier (name{example.8}) has been already used, duplicate ignored
<to be read again> 
                   \relax 
l.1479 L
        et $X,Y\sim Exp(\lambda);\;iid.$ Let $S=\frac{X}{X+Y}$ and $T=X+Y$. ...
pdfTeX warning (ext4): destination with the same identifier (name{example.9}) has been already used, duplicate ignored
<to be read again> 
                   \relax 
l.1495 L
        et $(X,Y)\sim f_{X,Y}(x,y).$ Find the PDF of $Z=X+Y$.

[56]
pdfTeX warning (ext4): destination with the same identifier (name{example.1}) has been already used, duplicate ignored
<to be read again> 
                   \relax 
l.1504 \begin{example} F
                        ollowing are some examples:
pdfTeX warning (ext4): destination with the same identifier (name{example.2}) has been already used, duplicate ignored
<to be read again> 
                   \relax 
l.1525 L
        et $X\sim Exp(\lambda).$ Then, $\PP(X>y)=e^{-\lambda y}\implies \E[X...
pdfTeX warning (ext4): destination with the same identifier (name{example.3}) has been already used, duplicate ignored
<to be read again> 
                   \relax 
l.1531 L
        et $X\sim N(0,1).$ Find $var(X)$.

[57]
pdfTeX warning (ext4): destination with the same identifier (name{example.5}) has been already used, duplicate ignored
<to be read again> 
                   \relax 
l.1547 G
        iven $X\sim Bin(n,p)$, find its MGF.
pdfTeX warning (ext4): destination with the same identifier (name{example.6}) has been already used, duplicate ignored
<to be read again> 
                   \relax 
l.1552 L
        et $X\sim Exp(\lambda).$ Find the domain of MGF of $X$.

[58]
pdfTeX warning (ext4): destination with the same identifier (name{example.7}) has been already used, duplicate ignored
<to be read again> 
                   \relax 
l.1567 L
        et $X\sim N(\mu,\sigma^2).$
pdfTeX warning (ext4): destination with the same identifier (name{definition.1}) has been already used, duplicate ignored
<to be read again> 
                   \relax 
l.1572 L
        et $X_1,\dots,X_n$ be $iid$ random variables with common finite mean...
pdfTeX warning (ext4): destination with the same identifier (name{definition.2}) has been already used, duplicate ignored
<to be read again> 
                   \relax 
l.1576 L
        et $X_1,X_2,\dots$ be $iid$ random variables from an \textit{unknown...

[59] (./ma581.aux)
 ***********
LaTeX2e <2024-11-01> patch level 2
L3 programming layer <2025-01-18>
 ***********
Package rerunfilecheck Info: File `ma581.out' has not changed.
(rerunfilecheck)             Checksum: C537472F90CFC325FC1D5C449C09CEE4;16804.
 ) 
Here is how much of TeX's memory you used:
 25718 strings out of 474662
 490983 string characters out of 5751110
 875788 words of memory out of 5000000
 47905 multiletter control sequences out of 15000+600000
 567989 words of font info for 71 fonts, out of 8000000 for 9000
 319 hyphenation exceptions out of 8191
 98i,16n,101p,690b,622s stack positions out of 10000i,1000n,20000p,200000b,200000s
 </Users/frank/Library/texlive/2025basic/texmf-var/fonts/pk/ljfour/jknappen/ec/tcrm1000.600pk></usr/local/texlive/2025basic/texmf-dist/fonts/type1/public/amsfonts/cm/cmbx10.pfb></usr/local/texlive/2025basic/texmf-dist/fonts/type1/public/amsfonts/cm/cmbx12.pfb></usr/local/texlive/2025basic/texmf-dist/fonts/type1/public/amsfonts/cm/cmex10.pfb></usr/local/texlive/2025basic/texmf-dist/fonts/type1/public/amsfonts/cm/cmmi10.pfb></usr/local/texlive/2025basic/texmf-dist/fonts/type1/public/amsfonts/cm/cmmi5.pfb></usr/local/texlive/2025basic/texmf-dist/fonts/type1/public/amsfonts/cm/cmmi7.pfb></usr/local/texlive/2025basic/texmf-dist/fonts/type1/public/amsfonts/cm/cmr10.pfb></usr/local/texlive/2025basic/texmf-dist/fonts/type1/public/amsfonts/cm/cmr12.pfb></usr/local/texlive/2025basic/texmf-dist/fonts/type1/public/amsfonts/cm/cmr5.pfb></usr/local/texlive/2025basic/texmf-dist/fonts/type1/public/amsfonts/cm/cmr7.pfb></usr/local/texlive/2025basic/texmf-dist/fonts/type1/public/amsfonts/cm/cmsy10.pfb></usr/local/texlive/2025basic/texmf-dist/fonts/type1/public/amsfonts/cm/cmsy5.pfb></usr/local/texlive/2025basic/texmf-dist/fonts/type1/public/amsfonts/cm/cmsy7.pfb></usr/local/texlive/2025basic/texmf-dist/fonts/type1/public/amsfonts/cm/cmti10.pfb></usr/local/texlive/2025basic/texmf-dist/fonts/type1/public/amsfonts/symbols/msam10.pfb></usr/local/texlive/2025basic/texmf-dist/fonts/type1/public/amsfonts/symbols/msbm10.pfb></usr/local/texlive/2025basic/texmf-dist/fonts/type1/public/amsfonts/symbols/msbm7.pfb>
Output written on ma581.pdf (59 pages, 496314 bytes).
PDF statistics:
 1151 PDF objects out of 1200 (max. 8388607)
 1040 compressed objects within 11 object streams
 431 named destinations out of 1000 (max. 500000)
 679 words of extra memory for PDF output out of 10000 (max. 10000000)

