\BOOKMARK [1][-]{section.1}{\376\377\000L\000e\000c\000t\000u\000r\000e\000\040\0001\000\040\040\023\000\040\0009\000/\0002}{}% 1
\BOOKMARK [2][-]{subsection.1.1}{\376\377\000L\000i\000n\000A\000l\000g\000\040\000R\000e\000v\000i\000e\000w}{section.1}% 2
\BOOKMARK [3][-]{subsubsection.1.1.1}{\376\377\000R\0002}{subsection.1.1}% 3
\BOOKMARK [3][-]{subsubsection.1.1.2}{\376\377\000R\0003}{subsection.1.1}% 4
\BOOKMARK [3][-]{subsubsection.1.1.3}{\376\377\000R\000n}{subsection.1.1}% 5
\BOOKMARK [1][-]{section.2}{\376\377\000L\000e\000c\000t\000u\000r\000e\000\040\0002\000\040\040\023\000\040\0009\000/\0004}{}% 6
\BOOKMARK [2][-]{subsection.2.1}{\376\377\000B\000a\000s\000i\000c\000s\000\040\000R\000e\000v\000i\000e\000w}{section.2}% 7
\BOOKMARK [2][-]{subsection.2.2}{\376\377\000L\000i\000n\000e\000a\000r\000\040\000F\000u\000n\000c\000t\000i\000o\000n\000s\000\040\000\050\000L\000i\000n\000e\000a\000r\000\040\000M\000a\000p\000p\000i\000n\000g\000s\000/\000L\000i\000n\000e\000a\000r\000\040\000T\000r\000a\000n\000s\000f\000o\000r\000m\000a\000t\000i\000o\000n\000s\000\051}{section.2}% 8
\BOOKMARK [1][-]{section.3}{\376\377\000L\000e\000c\000t\000u\000r\000e\000\040\0003\000\040\040\023\000\040\0009\000/\0009}{}% 9
\BOOKMARK [1][-]{section.4}{\376\377\000L\000e\000c\000t\000u\000r\000e\000\040\0004\000\040\040\023\000\040\0009\000/\0001\0001}{}% 10
\BOOKMARK [1][-]{section.5}{\376\377\000L\000e\000c\000t\000u\000r\000e\000\040\0005\000\040\040\023\000\040\0009\000/\0001\0006}{}% 11
\BOOKMARK [1][-]{section.6}{\376\377\000L\000e\000c\000t\000u\000r\000e\000\040\0006\000\040\040\023\000\040\0009\000/\0001\0008}{}% 12
\BOOKMARK [1][-]{section.7}{\376\377\000L\000e\000c\000t\000u\000r\000e\000\040\0007\000\040\040\023\000\040\0009\000/\0002\0003}{}% 13
\BOOKMARK [1][-]{section.8}{\376\377\000L\000e\000c\000t\000u\000r\000e\000\040\0008\000\040\040\023\000\040\0009\000/\0002\0005}{}% 14
\BOOKMARK [1][-]{section.9}{\376\377\000L\000e\000c\000t\000u\000r\000e\000\040\0009\000\040\040\023\000\040\0009\000/\0003\0000}{}% 15
\BOOKMARK [1][-]{section.10}{\376\377\000D\000i\000s\000c\000u\000s\000s\000i\000o\000n\000\040\0001\0000\000/\0001}{}% 16
\BOOKMARK [1][-]{section.11}{\376\377\000L\000e\000c\000t\000u\000r\000e\000\040\0001\0000\000\040\040\023\000\040\0001\0000\000/\0001\0006}{}% 17
\BOOKMARK [1][-]{section.12}{\376\377\000L\000e\000c\000t\000u\000r\000e\000\040\0001\0001\000\040\040\023\000\040\0001\0000\000/\0002\0001}{}% 18
\BOOKMARK [1][-]{section.13}{\376\377\000L\000e\000c\000t\000u\000r\000e\000\040\0001\0002\000\040\040\023\000\040\0001\0000\000/\0002\0003}{}% 19
\BOOKMARK [2][-]{subsection.13.1}{\376\377\000I\000n\000t\000e\000g\000r\000a\000t\000i\000o\000n}{section.13}% 20
\BOOKMARK [2][-]{subsection.13.2}{\376\377\000D\000o\000u\000b\000l\000e\000\040\000I\000n\000t\000e\000g\000r\000a\000t\000i\000o\000n}{section.13}% 21
\BOOKMARK [2][-]{subsection.13.3}{\376\377\000A\000v\000e\000r\000a\000g\000e\000\040\000v\000a\000l\000u\000e\000\040\000o\000f\000\040\000f\000\040\000o\000n\000\040\000R}{section.13}% 22
\BOOKMARK [2][-]{subsection.13.4}{\376\377\000M\000e\000a\000n\000\040\000V\000a\000l\000u\000e\000\040\000T\000h\000e\000o\000r\000e\000m}{section.13}% 23
\BOOKMARK [1][-]{section.14}{\376\377\000L\000e\000c\000t\000u\000r\000e\000\040\0001\0003\000\040\040\023\000\040\0001\0000\000/\0002\0008}{}% 24
\BOOKMARK [2][-]{subsection.14.1}{\376\377\000T\000r\000i\000p\000l\000e\000\040\000I\000n\000t\000e\000g\000r\000a\000l}{section.14}% 25
\BOOKMARK [2][-]{subsection.14.2}{\376\377\000C\000h\000a\000n\000g\000e\000\040\000o\000f\000\040\000V\000a\000r\000i\000a\000b\000l\000e\000s}{section.14}% 26
\BOOKMARK [3][-]{subsubsection.14.2.1}{\376\377\000O\000n\000e\000\040\000v\000a\000r\000i\000a\000b\000l\000e\000\040\000c\000a\000s\000e}{subsection.14.2}% 27
\BOOKMARK [3][-]{subsubsection.14.2.2}{\376\377\000T\000w\000o\000\040\000v\000a\000r\000i\000a\000b\000l\000e\000\040\000c\000a\000s\000e}{subsection.14.2}% 28
\BOOKMARK [1][-]{section.15}{\376\377\000L\000e\000c\000t\000u\000r\000e\000\040\0001\0004\000\040\040\023\000\040\0001\0000\000/\0003\0000}{}% 29
\BOOKMARK [2][-]{subsection.15.1}{\376\377\000P\000a\000t\000h\000s}{section.15}% 30
\BOOKMARK [2][-]{subsection.15.2}{\376\377\000S\000u\000r\000f\000a\000c\000e\000\040\000A\000r\000e\000a}{section.15}% 31
\BOOKMARK [1][-]{section.16}{\376\377\000L\000e\000c\000t\000u\000r\000e\000\040\0001\0005\000\040\040\023\000\040\0001\0001\000/\0006}{}% 32
\BOOKMARK [2][-]{subsection.16.1}{\376\377\000C\000l\000o\000s\000e\000d\000\040\000c\000u\000r\000v\000e\000s}{section.16}% 33
\BOOKMARK [1][-]{section.17}{\376\377\000L\000e\000c\000t\000u\000r\000e\000\040\0001\0006\000\040\040\023\000\040\0001\0001\000/\0001\0001}{}% 34
\BOOKMARK [1][-]{section.18}{\376\377\000L\000e\000c\000t\000u\000r\000e\000\040\0001\0007\000\040\040\023\000\040\0001\0001\000/\0001\0003}{}% 35
\BOOKMARK [1][-]{section.19}{\376\377\000L\000e\000c\000t\000u\000r\000e\000\040\0001\0008\000\040\040\023\000\040\0001\0002\000/\0002}{}% 36
\BOOKMARK [2][-]{subsection.19.1}{\376\377\000F\000o\000u\000r\000i\000e\000r\000\040\000S\000e\000r\000i\000e\000s}{section.19}% 37
\BOOKMARK [1][-]{section.20}{\376\377\000L\000e\000c\000t\000u\000r\000e\000\040\0001\0009\000\040\040\023\000\040\0001\0002\000/\0004}{}% 38
\BOOKMARK [1][-]{section.21}{\376\377\000L\000e\000c\000t\000u\000r\000e\000\040\0002\0000\000\040\040\023\000\040\0001\0002\000/\0009}{}% 39
